{
  "numFailedTestSuites": 0,
  "numFailedTests": 0,
  "numPassedTestSuites": 42,
  "numPassedTests": 302,
  "numPendingTestSuites": 0,
  "numPendingTests": 0,
  "numRuntimeErrorTestSuites": 0,
  "numTodoTests": 0,
  "numTotalTestSuites": 42,
  "numTotalTests": 302,
  "openHandles": [],
  "snapshot": {
    "added": 0,
    "didUpdate": false,
    "failure": false,
    "filesAdded": 0,
    "filesRemoved": 0,
    "filesRemovedList": [],
    "filesUnmatched": 0,
    "filesUpdated": 0,
    "matched": 0,
    "total": 0,
    "unchecked": 0,
    "uncheckedKeysByFile": [],
    "unmatched": 0,
    "updated": 0
  },
  "startTime": 1754541652857,
  "success": false,
  "testResults": [
    {
      "assertionResults": [
        {
          "ancestorTitles": ["SmartphoneApiService Integration Tests", "getSmartphones"],
          "duration": 29,
          "failureDetails": [],
          "failureMessages": [],
          "fullName": "SmartphoneApiService Integration Tests getSmartphones should fetch smartphones successfully",
          "invocations": 1,
          "location": null,
          "numPassingAsserts": 5,
          "retryReasons": [],
          "status": "passed",
          "title": "should fetch smartphones successfully"
        },
        {
          "ancestorTitles": ["SmartphoneApiService Integration Tests", "getSmartphones"],
          "duration": 0,
          "failureDetails": [],
          "failureMessages": [],
          "fullName": "SmartphoneApiService Integration Tests getSmartphones should filter iPhones correctly",
          "invocations": 1,
          "location": null,
          "numPassingAsserts": 3,
          "retryReasons": [],
          "status": "passed",
          "title": "should filter iPhones correctly"
        },
        {
          "ancestorTitles": ["SmartphoneApiService Integration Tests", "getSmartphones"],
          "duration": 1,
          "failureDetails": [],
          "failureMessages": [],
          "fullName": "SmartphoneApiService Integration Tests getSmartphones should filter Android phones correctly",
          "invocations": 1,
          "location": null,
          "numPassingAsserts": 3,
          "retryReasons": [],
          "status": "passed",
          "title": "should filter Android phones correctly"
        },
        {
          "ancestorTitles": ["SmartphoneApiService Integration Tests", "getSmartphones"],
          "duration": 13,
          "failureDetails": [],
          "failureMessages": [],
          "fullName": "SmartphoneApiService Integration Tests getSmartphones should handle pagination correctly",
          "invocations": 1,
          "location": null,
          "numPassingAsserts": 4,
          "retryReasons": [],
          "status": "passed",
          "title": "should handle pagination correctly"
        },
        {
          "ancestorTitles": ["SmartphoneApiService Integration Tests", "getSmartphones"],
          "duration": 1,
          "failureDetails": [],
          "failureMessages": [],
          "fullName": "SmartphoneApiService Integration Tests getSmartphones should handle API errors gracefully",
          "invocations": 1,
          "location": null,
          "numPassingAsserts": 3,
          "retryReasons": [],
          "status": "passed",
          "title": "should handle API errors gracefully"
        },
        {
          "ancestorTitles": ["SmartphoneApiService Integration Tests", "getSmartphoneById"],
          "duration": 1,
          "failureDetails": [],
          "failureMessages": [],
          "fullName": "SmartphoneApiService Integration Tests getSmartphoneById should fetch smartphone by ID successfully",
          "invocations": 1,
          "location": null,
          "numPassingAsserts": 2,
          "retryReasons": [],
          "status": "passed",
          "title": "should fetch smartphone by ID successfully"
        },
        {
          "ancestorTitles": ["SmartphoneApiService Integration Tests", "getSmartphoneById"],
          "duration": 0,
          "failureDetails": [],
          "failureMessages": [],
          "fullName": "SmartphoneApiService Integration Tests getSmartphoneById should handle non-existent smartphone ID",
          "invocations": 1,
          "location": null,
          "numPassingAsserts": 3,
          "retryReasons": [],
          "status": "passed",
          "title": "should handle non-existent smartphone ID"
        },
        {
          "ancestorTitles": ["SmartphoneApiService Integration Tests", "getSmartphoneById"],
          "duration": 7,
          "failureDetails": [],
          "failureMessages": [],
          "fullName": "SmartphoneApiService Integration Tests getSmartphoneById should return correct smartphone data structure",
          "invocations": 1,
          "location": null,
          "numPassingAsserts": 9,
          "retryReasons": [],
          "status": "passed",
          "title": "should return correct smartphone data structure"
        },
        {
          "ancestorTitles": [
            "SmartphoneApiService Integration Tests",
            "Mock Integration Verification"
          ],
          "duration": 1,
          "failureDetails": [],
          "failureMessages": [],
          "fullName": "SmartphoneApiService Integration Tests Mock Integration Verification should verify mock response creation works correctly",
          "invocations": 1,
          "location": null,
          "numPassingAsserts": 4,
          "retryReasons": [],
          "status": "passed",
          "title": "should verify mock response creation works correctly"
        }
      ],
      "endTime": 1754541654410,
      "message": "",
      "name": "/home/ubuntu/repos/ahamo-dummy-demo2-frontend-workspace/src/__tests__/integration/api/smartphone-api.test.ts",
      "startTime": 1754541653590,
      "status": "passed",
      "summary": ""
    },
    {
      "assertionResults": [
        {
          "ancestorTitles": ["useSmartphones Hook Integration Tests", "useSmartphones"],
          "duration": 74,
          "failureDetails": [],
          "failureMessages": [],
          "fullName": "useSmartphones Hook Integration Tests useSmartphones should fetch smartphones successfully",
          "invocations": 1,
          "location": null,
          "numPassingAsserts": 6,
          "retryReasons": [],
          "status": "passed",
          "title": "should fetch smartphones successfully"
        },
        {
          "ancestorTitles": ["useSmartphones Hook Integration Tests", "useSmartphones"],
          "duration": 67,
          "failureDetails": [],
          "failureMessages": [],
          "fullName": "useSmartphones Hook Integration Tests useSmartphones should filter iPhones correctly",
          "invocations": 1,
          "location": null,
          "numPassingAsserts": 3,
          "retryReasons": [],
          "status": "passed",
          "title": "should filter iPhones correctly"
        },
        {
          "ancestorTitles": ["useSmartphones Hook Integration Tests", "useSmartphones"],
          "duration": 54,
          "failureDetails": [],
          "failureMessages": [],
          "fullName": "useSmartphones Hook Integration Tests useSmartphones should handle API errors gracefully",
          "invocations": 1,
          "location": null,
          "numPassingAsserts": 4,
          "retryReasons": [],
          "status": "passed",
          "title": "should handle API errors gracefully"
        },
        {
          "ancestorTitles": ["useSmartphones Hook Integration Tests", "useSmartphones"],
          "duration": 59,
          "failureDetails": [],
          "failureMessages": [],
          "fullName": "useSmartphones Hook Integration Tests useSmartphones should handle pagination correctly",
          "invocations": 1,
          "location": null,
          "numPassingAsserts": 3,
          "retryReasons": [],
          "status": "passed",
          "title": "should handle pagination correctly"
        },
        {
          "ancestorTitles": ["useSmartphones Hook Integration Tests", "useSmartphone"],
          "duration": 55,
          "failureDetails": [],
          "failureMessages": [],
          "fullName": "useSmartphones Hook Integration Tests useSmartphone should fetch smartphone by ID successfully",
          "invocations": 1,
          "location": null,
          "numPassingAsserts": 5,
          "retryReasons": [],
          "status": "passed",
          "title": "should fetch smartphone by ID successfully"
        },
        {
          "ancestorTitles": ["useSmartphones Hook Integration Tests", "useSmartphone"],
          "duration": 53,
          "failureDetails": [],
          "failureMessages": [],
          "fullName": "useSmartphones Hook Integration Tests useSmartphone should handle non-existent smartphone ID",
          "invocations": 1,
          "location": null,
          "numPassingAsserts": 3,
          "retryReasons": [],
          "status": "passed",
          "title": "should handle non-existent smartphone ID"
        },
        {
          "ancestorTitles": ["useSmartphones Hook Integration Tests", "useSmartphone"],
          "duration": 2,
          "failureDetails": [],
          "failureMessages": [],
          "fullName": "useSmartphones Hook Integration Tests useSmartphone should not fetch when ID is not provided",
          "invocations": 1,
          "location": null,
          "numPassingAsserts": 4,
          "retryReasons": [],
          "status": "passed",
          "title": "should not fetch when ID is not provided"
        },
        {
          "ancestorTitles": ["useSmartphones Hook Integration Tests", "useSmartphone"],
          "duration": 61,
          "failureDetails": [],
          "failureMessages": [],
          "fullName": "useSmartphones Hook Integration Tests useSmartphone should return correct smartphone data structure",
          "invocations": 1,
          "location": null,
          "numPassingAsserts": 9,
          "retryReasons": [],
          "status": "passed",
          "title": "should return correct smartphone data structure"
        }
      ],
      "endTime": 1754541654857,
      "message": "",
      "name": "/home/ubuntu/repos/ahamo-dummy-demo2-frontend-workspace/src/__tests__/integration/hooks/useSmartphones.integration.test.tsx",
      "startTime": 1754541653624,
      "status": "passed",
      "summary": ""
    },
    {
      "assertionResults": [
        {
          "ancestorTitles": ["Smartphone Pages Integration Tests", "iPhone Selection Page"],
          "duration": 78,
          "failureDetails": [],
          "failureMessages": [],
          "fullName": "Smartphone Pages Integration Tests iPhone Selection Page should render iPhone selection page with data",
          "invocations": 1,
          "location": null,
          "numPassingAsserts": 4,
          "retryReasons": [],
          "status": "passed",
          "title": "should render iPhone selection page with data"
        },
        {
          "ancestorTitles": ["Smartphone Pages Integration Tests", "iPhone Selection Page"],
          "duration": 8,
          "failureDetails": [],
          "failureMessages": [],
          "fullName": "Smartphone Pages Integration Tests iPhone Selection Page should handle API errors gracefully",
          "invocations": 1,
          "location": null,
          "numPassingAsserts": 1,
          "retryReasons": [],
          "status": "passed",
          "title": "should handle API errors gracefully"
        },
        {
          "ancestorTitles": ["Smartphone Pages Integration Tests", "iPhone Selection Page"],
          "duration": 26,
          "failureDetails": [],
          "failureMessages": [],
          "fullName": "Smartphone Pages Integration Tests iPhone Selection Page should display sorting options",
          "invocations": 1,
          "location": null,
          "numPassingAsserts": 2,
          "retryReasons": [],
          "status": "passed",
          "title": "should display sorting options"
        },
        {
          "ancestorTitles": ["Smartphone Pages Integration Tests", "Android Selection Page"],
          "duration": 22,
          "failureDetails": [],
          "failureMessages": [],
          "fullName": "Smartphone Pages Integration Tests Android Selection Page should render Android selection page with data",
          "invocations": 1,
          "location": null,
          "numPassingAsserts": 4,
          "retryReasons": [],
          "status": "passed",
          "title": "should render Android selection page with data"
        },
        {
          "ancestorTitles": ["Smartphone Pages Integration Tests", "Android Selection Page"],
          "duration": 7,
          "failureDetails": [],
          "failureMessages": [],
          "fullName": "Smartphone Pages Integration Tests Android Selection Page should handle API errors gracefully",
          "invocations": 1,
          "location": null,
          "numPassingAsserts": 1,
          "retryReasons": [],
          "status": "passed",
          "title": "should handle API errors gracefully"
        },
        {
          "ancestorTitles": ["Smartphone Pages Integration Tests", "Page Navigation"],
          "duration": 24,
          "failureDetails": [],
          "failureMessages": [],
          "fullName": "Smartphone Pages Integration Tests Page Navigation should handle back navigation on iPhone page",
          "invocations": 1,
          "location": null,
          "numPassingAsserts": 2,
          "retryReasons": [],
          "status": "passed",
          "title": "should handle back navigation on iPhone page"
        },
        {
          "ancestorTitles": ["Smartphone Pages Integration Tests", "Page Navigation"],
          "duration": 25,
          "failureDetails": [],
          "failureMessages": [],
          "fullName": "Smartphone Pages Integration Tests Page Navigation should handle Android link navigation on iPhone page",
          "invocations": 1,
          "location": null,
          "numPassingAsserts": 2,
          "retryReasons": [],
          "status": "passed",
          "title": "should handle Android link navigation on iPhone page"
        }
      ],
      "endTime": 1754541654857,
      "message": "",
      "name": "/home/ubuntu/repos/ahamo-dummy-demo2-frontend-workspace/src/__tests__/integration/pages/smartphone-pages.integration.test.tsx",
      "startTime": 1754541653631,
      "status": "passed",
      "summary": ""
    },
    {
      "assertionResults": [
        {
          "ancestorTitles": ["SmartphoneCarousel"],
          "duration": 49,
          "failureDetails": [],
          "failureMessages": [],
          "fullName": "SmartphoneCarousel renders smartphones from props correctly",
          "invocations": 1,
          "location": null,
          "numPassingAsserts": 2,
          "retryReasons": [],
          "status": "passed",
          "title": "renders smartphones from props correctly"
        },
        {
          "ancestorTitles": ["SmartphoneCarousel"],
          "duration": 8,
          "failureDetails": [],
          "failureMessages": [],
          "fullName": "SmartphoneCarousel renders smartphones from API when no props provided",
          "invocations": 1,
          "location": null,
          "numPassingAsserts": 1,
          "retryReasons": [],
          "status": "passed",
          "title": "renders smartphones from API when no props provided"
        },
        {
          "ancestorTitles": ["SmartphoneCarousel"],
          "duration": 3,
          "failureDetails": [],
          "failureMessages": [],
          "fullName": "SmartphoneCarousel displays loading state correctly",
          "invocations": 1,
          "location": null,
          "numPassingAsserts": 1,
          "retryReasons": [],
          "status": "passed",
          "title": "displays loading state correctly"
        },
        {
          "ancestorTitles": ["SmartphoneCarousel"],
          "duration": 2,
          "failureDetails": [],
          "failureMessages": [],
          "fullName": "SmartphoneCarousel displays error state correctly",
          "invocations": 1,
          "location": null,
          "numPassingAsserts": 2,
          "retryReasons": [],
          "status": "passed",
          "title": "displays error state correctly"
        },
        {
          "ancestorTitles": ["SmartphoneCarousel"],
          "duration": 4,
          "failureDetails": [],
          "failureMessages": [],
          "fullName": "SmartphoneCarousel displays empty state when no smartphones available",
          "invocations": 1,
          "location": null,
          "numPassingAsserts": 2,
          "retryReasons": [],
          "status": "passed",
          "title": "displays empty state when no smartphones available"
        },
        {
          "ancestorTitles": ["SmartphoneCarousel"],
          "duration": 18,
          "failureDetails": [],
          "failureMessages": [],
          "fullName": "SmartphoneCarousel handles next button navigation",
          "invocations": 1,
          "location": null,
          "numPassingAsserts": 1,
          "retryReasons": [],
          "status": "passed",
          "title": "handles next button navigation"
        },
        {
          "ancestorTitles": ["SmartphoneCarousel"],
          "duration": 13,
          "failureDetails": [],
          "failureMessages": [],
          "fullName": "SmartphoneCarousel handles previous button navigation",
          "invocations": 1,
          "location": null,
          "numPassingAsserts": 1,
          "retryReasons": [],
          "status": "passed",
          "title": "handles previous button navigation"
        },
        {
          "ancestorTitles": ["SmartphoneCarousel"],
          "duration": 61,
          "failureDetails": [],
          "failureMessages": [],
          "fullName": "SmartphoneCarousel handles dot indicator navigation",
          "invocations": 1,
          "location": null,
          "numPassingAsserts": 1,
          "retryReasons": [],
          "status": "passed",
          "title": "handles dot indicator navigation"
        },
        {
          "ancestorTitles": ["SmartphoneCarousel"],
          "duration": 12,
          "failureDetails": [],
          "failureMessages": [],
          "fullName": "SmartphoneCarousel handles auto-play toggle",
          "invocations": 1,
          "location": null,
          "numPassingAsserts": 1,
          "retryReasons": [],
          "status": "passed",
          "title": "handles auto-play toggle"
        },
        {
          "ancestorTitles": ["SmartphoneCarousel"],
          "duration": 7,
          "failureDetails": [],
          "failureMessages": [],
          "fullName": "SmartphoneCarousel displays auto-play button correctly",
          "invocations": 1,
          "location": null,
          "numPassingAsserts": 1,
          "retryReasons": [],
          "status": "passed",
          "title": "displays auto-play button correctly"
        },
        {
          "ancestorTitles": ["SmartphoneCarousel"],
          "duration": 8,
          "failureDetails": [],
          "failureMessages": [],
          "fullName": "SmartphoneCarousel displays smartphone details correctly",
          "invocations": 1,
          "location": null,
          "numPassingAsserts": 2,
          "retryReasons": [],
          "status": "passed",
          "title": "displays smartphone details correctly"
        }
      ],
      "endTime": 1754541654918,
      "message": "",
      "name": "/home/ubuntu/repos/ahamo-dummy-demo2-frontend-workspace/src/components/ui/__tests__/SmartphoneCarousel.test.tsx",
      "startTime": 1754541654453,
      "status": "passed",
      "summary": ""
    },
    {
      "assertionResults": [
        {
          "ancestorTitles": ["Comprehensive Error Scenario Logging Tests", "API Error Patterns"],
          "duration": 6,
          "failureDetails": [],
          "failureMessages": [],
          "fullName": "Comprehensive Error Scenario Logging Tests API Error Patterns Network connection failure",
          "invocations": 1,
          "location": null,
          "numPassingAsserts": 2,
          "retryReasons": [],
          "status": "passed",
          "title": "Network connection failure"
        },
        {
          "ancestorTitles": ["Comprehensive Error Scenario Logging Tests", "API Error Patterns"],
          "duration": 1,
          "failureDetails": [],
          "failureMessages": [],
          "fullName": "Comprehensive Error Scenario Logging Tests API Error Patterns HTTP 404 Not Found",
          "invocations": 1,
          "location": null,
          "numPassingAsserts": 1,
          "retryReasons": [],
          "status": "passed",
          "title": "HTTP 404 Not Found"
        },
        {
          "ancestorTitles": ["Comprehensive Error Scenario Logging Tests", "API Error Patterns"],
          "duration": 1,
          "failureDetails": [],
          "failureMessages": [],
          "fullName": "Comprehensive Error Scenario Logging Tests API Error Patterns HTTP 500 Internal Server Error",
          "invocations": 1,
          "location": null,
          "numPassingAsserts": 1,
          "retryReasons": [],
          "status": "passed",
          "title": "HTTP 500 Internal Server Error"
        },
        {
          "ancestorTitles": ["Comprehensive Error Scenario Logging Tests", "API Error Patterns"],
          "duration": 0,
          "failureDetails": [],
          "failureMessages": [],
          "fullName": "Comprehensive Error Scenario Logging Tests API Error Patterns HTTP 503 Service Unavailable",
          "invocations": 1,
          "location": null,
          "numPassingAsserts": 1,
          "retryReasons": [],
          "status": "passed",
          "title": "HTTP 503 Service Unavailable"
        },
        {
          "ancestorTitles": ["Comprehensive Error Scenario Logging Tests", "API Error Patterns"],
          "duration": 0,
          "failureDetails": [],
          "failureMessages": [],
          "fullName": "Comprehensive Error Scenario Logging Tests API Error Patterns Invalid JSON response",
          "invocations": 1,
          "location": null,
          "numPassingAsserts": 1,
          "retryReasons": [],
          "status": "passed",
          "title": "Invalid JSON response"
        },
        {
          "ancestorTitles": ["Comprehensive Error Scenario Logging Tests", "API Error Patterns"],
          "duration": 102,
          "failureDetails": [],
          "failureMessages": [],
          "fullName": "Comprehensive Error Scenario Logging Tests API Error Patterns Request timeout simulation",
          "invocations": 1,
          "location": null,
          "numPassingAsserts": 1,
          "retryReasons": [],
          "status": "passed",
          "title": "Request timeout simulation"
        },
        {
          "ancestorTitles": ["Comprehensive Error Scenario Logging Tests", "Form Error Patterns"],
          "duration": 88,
          "failureDetails": [],
          "failureMessages": [],
          "fullName": "Comprehensive Error Scenario Logging Tests Form Error Patterns Form validation errors",
          "invocations": 1,
          "location": null,
          "numPassingAsserts": 1,
          "retryReasons": [],
          "status": "passed",
          "title": "Form validation errors"
        },
        {
          "ancestorTitles": ["Comprehensive Error Scenario Logging Tests", "Form Error Patterns"],
          "duration": 28,
          "failureDetails": [],
          "failureMessages": [],
          "fullName": "Comprehensive Error Scenario Logging Tests Form Error Patterns Form submission network failure",
          "invocations": 1,
          "location": null,
          "numPassingAsserts": 1,
          "retryReasons": [],
          "status": "passed",
          "title": "Form submission network failure"
        },
        {
          "ancestorTitles": [
            "Comprehensive Error Scenario Logging Tests",
            "Storage Error Patterns"
          ],
          "duration": 3,
          "failureDetails": [],
          "failureMessages": [],
          "fullName": "Comprehensive Error Scenario Logging Tests Storage Error Patterns localStorage disabled/unavailable",
          "invocations": 1,
          "location": null,
          "numPassingAsserts": 1,
          "retryReasons": [],
          "status": "passed",
          "title": "localStorage disabled/unavailable"
        },
        {
          "ancestorTitles": [
            "Comprehensive Error Scenario Logging Tests",
            "Storage Error Patterns"
          ],
          "duration": 2,
          "failureDetails": [],
          "failureMessages": [],
          "fullName": "Comprehensive Error Scenario Logging Tests Storage Error Patterns localStorage quota exceeded",
          "invocations": 1,
          "location": null,
          "numPassingAsserts": 1,
          "retryReasons": [],
          "status": "passed",
          "title": "localStorage quota exceeded"
        },
        {
          "ancestorTitles": [
            "Comprehensive Error Scenario Logging Tests",
            "Storage Error Patterns"
          ],
          "duration": 2,
          "failureDetails": [],
          "failureMessages": [],
          "fullName": "Comprehensive Error Scenario Logging Tests Storage Error Patterns localStorage access permission denied",
          "invocations": 1,
          "location": null,
          "numPassingAsserts": 1,
          "retryReasons": [],
          "status": "passed",
          "title": "localStorage access permission denied"
        },
        {
          "ancestorTitles": [
            "Comprehensive Error Scenario Logging Tests",
            "Component Error Patterns"
          ],
          "duration": 3,
          "failureDetails": [],
          "failureMessages": [],
          "fullName": "Comprehensive Error Scenario Logging Tests Component Error Patterns ErrorMessage component with error logging",
          "invocations": 1,
          "location": null,
          "numPassingAsserts": 1,
          "retryReasons": [],
          "status": "passed",
          "title": "ErrorMessage component with error logging"
        },
        {
          "ancestorTitles": [
            "Comprehensive Error Scenario Logging Tests",
            "Component Error Patterns"
          ],
          "duration": 2,
          "failureDetails": [],
          "failureMessages": [],
          "fullName": "Comprehensive Error Scenario Logging Tests Component Error Patterns Component prop validation errors",
          "invocations": 1,
          "location": null,
          "numPassingAsserts": 0,
          "retryReasons": [],
          "status": "passed",
          "title": "Component prop validation errors"
        },
        {
          "ancestorTitles": [
            "Comprehensive Error Scenario Logging Tests",
            "Component Error Patterns"
          ],
          "duration": 12,
          "failureDetails": [],
          "failureMessages": [],
          "fullName": "Comprehensive Error Scenario Logging Tests Component Error Patterns Component rendering errors",
          "invocations": 1,
          "location": null,
          "numPassingAsserts": 0,
          "retryReasons": [],
          "status": "passed",
          "title": "Component rendering errors"
        },
        {
          "ancestorTitles": ["Comprehensive Error Scenario Logging Tests", "Hook Error Patterns"],
          "duration": 12,
          "failureDetails": [],
          "failureMessages": [],
          "fullName": "Comprehensive Error Scenario Logging Tests Hook Error Patterns useSmartphones hook with API failure",
          "invocations": 1,
          "location": null,
          "numPassingAsserts": 2,
          "retryReasons": [],
          "status": "passed",
          "title": "useSmartphones hook with API failure"
        },
        {
          "ancestorTitles": ["Comprehensive Error Scenario Logging Tests", "Hook Error Patterns"],
          "duration": 8,
          "failureDetails": [],
          "failureMessages": [],
          "fullName": "Comprehensive Error Scenario Logging Tests Hook Error Patterns useSmartphones hook with invalid data format",
          "invocations": 1,
          "location": null,
          "numPassingAsserts": 2,
          "retryReasons": [],
          "status": "passed",
          "title": "useSmartphones hook with invalid data format"
        },
        {
          "ancestorTitles": [
            "Comprehensive Error Scenario Logging Tests",
            "Logger Function Direct Tests"
          ],
          "duration": 0,
          "failureDetails": [],
          "failureMessages": [],
          "fullName": "Comprehensive Error Scenario Logging Tests Logger Function Direct Tests logError with Error object",
          "invocations": 1,
          "location": null,
          "numPassingAsserts": 1,
          "retryReasons": [],
          "status": "passed",
          "title": "logError with Error object"
        },
        {
          "ancestorTitles": [
            "Comprehensive Error Scenario Logging Tests",
            "Logger Function Direct Tests"
          ],
          "duration": 0,
          "failureDetails": [],
          "failureMessages": [],
          "fullName": "Comprehensive Error Scenario Logging Tests Logger Function Direct Tests logError with non-Error object",
          "invocations": 1,
          "location": null,
          "numPassingAsserts": 1,
          "retryReasons": [],
          "status": "passed",
          "title": "logError with non-Error object"
        },
        {
          "ancestorTitles": [
            "Comprehensive Error Scenario Logging Tests",
            "Logger Function Direct Tests"
          ],
          "duration": 1,
          "failureDetails": [],
          "failureMessages": [],
          "fullName": "Comprehensive Error Scenario Logging Tests Logger Function Direct Tests logWarn function",
          "invocations": 1,
          "location": null,
          "numPassingAsserts": 1,
          "retryReasons": [],
          "status": "passed",
          "title": "logWarn function"
        },
        {
          "ancestorTitles": [
            "Comprehensive Error Scenario Logging Tests",
            "Logger Function Direct Tests"
          ],
          "duration": 0,
          "failureDetails": [],
          "failureMessages": [],
          "fullName": "Comprehensive Error Scenario Logging Tests Logger Function Direct Tests logInfo function",
          "invocations": 1,
          "location": null,
          "numPassingAsserts": 1,
          "retryReasons": [],
          "status": "passed",
          "title": "logInfo function"
        },
        {
          "ancestorTitles": [
            "Comprehensive Error Scenario Logging Tests",
            "Logger Function Direct Tests"
          ],
          "duration": 1,
          "failureDetails": [],
          "failureMessages": [],
          "fullName": "Comprehensive Error Scenario Logging Tests Logger Function Direct Tests logDebug function in development",
          "invocations": 1,
          "location": null,
          "numPassingAsserts": 1,
          "retryReasons": [],
          "status": "passed",
          "title": "logDebug function in development"
        },
        {
          "ancestorTitles": [
            "Comprehensive Error Scenario Logging Tests",
            "Logger Function Direct Tests"
          ],
          "duration": 0,
          "failureDetails": [],
          "failureMessages": [],
          "fullName": "Comprehensive Error Scenario Logging Tests Logger Function Direct Tests logApiRequest function",
          "invocations": 1,
          "location": null,
          "numPassingAsserts": 1,
          "retryReasons": [],
          "status": "passed",
          "title": "logApiRequest function"
        },
        {
          "ancestorTitles": [
            "Comprehensive Error Scenario Logging Tests",
            "Logger Function Direct Tests"
          ],
          "duration": 0,
          "failureDetails": [],
          "failureMessages": [],
          "fullName": "Comprehensive Error Scenario Logging Tests Logger Function Direct Tests logApiResponse function",
          "invocations": 1,
          "location": null,
          "numPassingAsserts": 1,
          "retryReasons": [],
          "status": "passed",
          "title": "logApiResponse function"
        },
        {
          "ancestorTitles": [
            "Comprehensive Error Scenario Logging Tests",
            "Environment-specific Behavior"
          ],
          "duration": 1,
          "failureDetails": [],
          "failureMessages": [],
          "fullName": "Comprehensive Error Scenario Logging Tests Environment-specific Behavior Logs disabled in test environment",
          "invocations": 1,
          "location": null,
          "numPassingAsserts": 4,
          "retryReasons": [],
          "status": "passed",
          "title": "Logs disabled in test environment"
        },
        {
          "ancestorTitles": [
            "Comprehensive Error Scenario Logging Tests",
            "Environment-specific Behavior"
          ],
          "duration": 0,
          "failureDetails": [],
          "failureMessages": [],
          "fullName": "Comprehensive Error Scenario Logging Tests Environment-specific Behavior Debug logs only in development",
          "invocations": 1,
          "location": null,
          "numPassingAsserts": 2,
          "retryReasons": [],
          "status": "passed",
          "title": "Debug logs only in development"
        }
      ],
      "endTime": 1754541654939,
      "message": "",
      "name": "/home/ubuntu/repos/ahamo-dummy-demo2-frontend-workspace/src/__tests__/logging/comprehensive-error-scenarios.test.tsx",
      "startTime": 1754541653623,
      "status": "passed",
      "summary": ""
    },
    {
      "assertionResults": [
        {
          "ancestorTitles": ["DeviceDetailPage"],
          "duration": 73,
          "failureDetails": [],
          "failureMessages": [],
          "fullName": "DeviceDetailPage renders smartphone information correctly",
          "invocations": 1,
          "location": null,
          "numPassingAsserts": 2,
          "retryReasons": [],
          "status": "passed",
          "title": "renders smartphone information correctly"
        },
        {
          "ancestorTitles": ["DeviceDetailPage"],
          "duration": 30,
          "failureDetails": [],
          "failureMessages": [],
          "fullName": "DeviceDetailPage displays loading state",
          "invocations": 1,
          "location": null,
          "numPassingAsserts": 1,
          "retryReasons": [],
          "status": "passed",
          "title": "displays loading state"
        },
        {
          "ancestorTitles": ["DeviceDetailPage"],
          "duration": 5,
          "failureDetails": [],
          "failureMessages": [],
          "fullName": "DeviceDetailPage displays error state when smartphone not found",
          "invocations": 1,
          "location": null,
          "numPassingAsserts": 2,
          "retryReasons": [],
          "status": "passed",
          "title": "displays error state when smartphone not found"
        },
        {
          "ancestorTitles": ["DeviceDetailPage"],
          "duration": 18,
          "failureDetails": [],
          "failureMessages": [],
          "fullName": "DeviceDetailPage handles back button click",
          "invocations": 1,
          "location": null,
          "numPassingAsserts": 1,
          "retryReasons": [],
          "status": "passed",
          "title": "handles back button click"
        },
        {
          "ancestorTitles": ["DeviceDetailPage"],
          "duration": 21,
          "failureDetails": [],
          "failureMessages": [],
          "fullName": "DeviceDetailPage renders payment options section",
          "invocations": 1,
          "location": null,
          "numPassingAsserts": 3,
          "retryReasons": [],
          "status": "passed",
          "title": "renders payment options section"
        },
        {
          "ancestorTitles": ["DeviceDetailPage"],
          "duration": 16,
          "failureDetails": [],
          "failureMessages": [],
          "fullName": "DeviceDetailPage renders color selector when colors available",
          "invocations": 1,
          "location": null,
          "numPassingAsserts": 3,
          "retryReasons": [],
          "status": "passed",
          "title": "renders color selector when colors available"
        },
        {
          "ancestorTitles": ["DeviceDetailPage"],
          "duration": 20,
          "failureDetails": [],
          "failureMessages": [],
          "fullName": "DeviceDetailPage renders features section",
          "invocations": 1,
          "location": null,
          "numPassingAsserts": 5,
          "retryReasons": [],
          "status": "passed",
          "title": "renders features section"
        },
        {
          "ancestorTitles": ["DeviceDetailPage"],
          "duration": 27,
          "failureDetails": [],
          "failureMessages": [],
          "fullName": "DeviceDetailPage renders eSIM section",
          "invocations": 1,
          "location": null,
          "numPassingAsserts": 4,
          "retryReasons": [],
          "status": "passed",
          "title": "renders eSIM section"
        },
        {
          "ancestorTitles": ["DeviceDetailPage"],
          "duration": 17,
          "failureDetails": [],
          "failureMessages": [],
          "fullName": "DeviceDetailPage renders trade-in section",
          "invocations": 1,
          "location": null,
          "numPassingAsserts": 3,
          "retryReasons": [],
          "status": "passed",
          "title": "renders trade-in section"
        },
        {
          "ancestorTitles": ["DeviceDetailPage"],
          "duration": 21,
          "failureDetails": [],
          "failureMessages": [],
          "fullName": "DeviceDetailPage renders accessory grid",
          "invocations": 1,
          "location": null,
          "numPassingAsserts": 5,
          "retryReasons": [],
          "status": "passed",
          "title": "renders accessory grid"
        },
        {
          "ancestorTitles": ["DeviceDetailPage"],
          "duration": 17,
          "failureDetails": [],
          "failureMessages": [],
          "fullName": "DeviceDetailPage renders apply button",
          "invocations": 1,
          "location": null,
          "numPassingAsserts": 1,
          "retryReasons": [],
          "status": "passed",
          "title": "renders apply button"
        },
        {
          "ancestorTitles": ["DeviceDetailPage"],
          "duration": 13,
          "failureDetails": [],
          "failureMessages": [],
          "fullName": "DeviceDetailPage handles device ID from URL slug",
          "invocations": 1,
          "location": null,
          "numPassingAsserts": 1,
          "retryReasons": [],
          "status": "passed",
          "title": "handles device ID from URL slug"
        },
        {
          "ancestorTitles": ["DeviceDetailPage"],
          "duration": 14,
          "failureDetails": [],
          "failureMessages": [],
          "fullName": "DeviceDetailPage handles direct device ID",
          "invocations": 1,
          "location": null,
          "numPassingAsserts": 1,
          "retryReasons": [],
          "status": "passed",
          "title": "handles direct device ID"
        }
      ],
      "endTime": 1754541654952,
      "message": "",
      "name": "/home/ubuntu/repos/ahamo-dummy-demo2-frontend-workspace/src/components/__tests__/DeviceDetailPage.test.tsx",
      "startTime": 1754541653628,
      "status": "passed",
      "summary": ""
    },
    {
      "assertionResults": [
        {
          "ancestorTitles": ["CampaignCarousel コンポーネント"],
          "duration": 54,
          "failureDetails": [],
          "failureMessages": [],
          "fullName": "CampaignCarousel コンポーネント 正しくレンダリングされる",
          "invocations": 1,
          "location": null,
          "numPassingAsserts": 3,
          "retryReasons": [],
          "status": "passed",
          "title": "正しくレンダリングされる"
        },
        {
          "ancestorTitles": ["CampaignCarousel コンポーネント"],
          "duration": 84,
          "failureDetails": [],
          "failureMessages": [],
          "fullName": "CampaignCarousel コンポーネント ナビゲーションボタンが表示される",
          "invocations": 1,
          "location": null,
          "numPassingAsserts": 2,
          "retryReasons": [],
          "status": "passed",
          "title": "ナビゲーションボタンが表示される"
        },
        {
          "ancestorTitles": ["CampaignCarousel コンポーネント"],
          "duration": 64,
          "failureDetails": [],
          "failureMessages": [],
          "fullName": "CampaignCarousel コンポーネント 次へボタンをクリックすると次のスライドに移動する",
          "invocations": 1,
          "location": null,
          "numPassingAsserts": 1,
          "retryReasons": [],
          "status": "passed",
          "title": "次へボタンをクリックすると次のスライドに移動する"
        },
        {
          "ancestorTitles": ["CampaignCarousel コンポーネント"],
          "duration": 45,
          "failureDetails": [],
          "failureMessages": [],
          "fullName": "CampaignCarousel コンポーネント 前へボタンをクリックすると前のスライドに移動する",
          "invocations": 1,
          "location": null,
          "numPassingAsserts": 1,
          "retryReasons": [],
          "status": "passed",
          "title": "前へボタンをクリックすると前のスライドに移動する"
        },
        {
          "ancestorTitles": ["CampaignCarousel コンポーネント"],
          "duration": 30,
          "failureDetails": [],
          "failureMessages": [],
          "fullName": "CampaignCarousel コンポーネント ドットインジケーターが正しい数表示される",
          "invocations": 1,
          "location": null,
          "numPassingAsserts": 1,
          "retryReasons": [],
          "status": "passed",
          "title": "ドットインジケーターが正しい数表示される"
        },
        {
          "ancestorTitles": ["CampaignCarousel コンポーネント"],
          "duration": 45,
          "failureDetails": [],
          "failureMessages": [],
          "fullName": "CampaignCarousel コンポーネント ドットをクリックすると対応するスライドに移動する",
          "invocations": 1,
          "location": null,
          "numPassingAsserts": 1,
          "retryReasons": [],
          "status": "passed",
          "title": "ドットをクリックすると対応するスライドに移動する"
        },
        {
          "ancestorTitles": ["CampaignCarousel コンポーネント"],
          "duration": 7,
          "failureDetails": [],
          "failureMessages": [],
          "fullName": "CampaignCarousel コンポーネント 自動再生トグルボタンが表示される",
          "invocations": 1,
          "location": null,
          "numPassingAsserts": 1,
          "retryReasons": [],
          "status": "passed",
          "title": "自動再生トグルボタンが表示される"
        },
        {
          "ancestorTitles": ["CampaignCarousel コンポーネント"],
          "duration": 19,
          "failureDetails": [],
          "failureMessages": [],
          "fullName": "CampaignCarousel コンポーネント 自動再生トグルボタンをクリックすると状態が変わる",
          "invocations": 1,
          "location": null,
          "numPassingAsserts": 1,
          "retryReasons": [],
          "status": "passed",
          "title": "自動再生トグルボタンをクリックすると状態が変わる"
        },
        {
          "ancestorTitles": ["CampaignCarousel コンポーネント"],
          "duration": 12,
          "failureDetails": [],
          "failureMessages": [],
          "fullName": "CampaignCarousel コンポーネント 自動再生が有効な場合、時間経過でスライドが変わる",
          "invocations": 1,
          "location": null,
          "numPassingAsserts": 2,
          "retryReasons": [],
          "status": "passed",
          "title": "自動再生が有効な場合、時間経過でスライドが変わる"
        },
        {
          "ancestorTitles": ["CampaignCarousel コンポーネント"],
          "duration": 51,
          "failureDetails": [],
          "failureMessages": [],
          "fullName": "CampaignCarousel コンポーネント 手動操作後は自動再生が一時停止される",
          "invocations": 1,
          "location": null,
          "numPassingAsserts": 3,
          "retryReasons": [],
          "status": "passed",
          "title": "手動操作後は自動再生が一時停止される"
        },
        {
          "ancestorTitles": ["CampaignCarousel コンポーネント"],
          "duration": 72,
          "failureDetails": [],
          "failureMessages": [],
          "fullName": "CampaignCarousel コンポーネント 最後のスライドから次へ移動すると最初のスライドに戻る",
          "invocations": 1,
          "location": null,
          "numPassingAsserts": 2,
          "retryReasons": [],
          "status": "passed",
          "title": "最後のスライドから次へ移動すると最初のスライドに戻る"
        },
        {
          "ancestorTitles": ["CampaignCarousel コンポーネント"],
          "duration": 43,
          "failureDetails": [],
          "failureMessages": [],
          "fullName": "CampaignCarousel コンポーネント 最初のスライドから前へ移動すると最後のスライドに移動する",
          "invocations": 1,
          "location": null,
          "numPassingAsserts": 2,
          "retryReasons": [],
          "status": "passed",
          "title": "最初のスライドから前へ移動すると最後のスライドに移動する"
        }
      ],
      "endTime": 1754541655095,
      "message": "",
      "name": "/home/ubuntu/repos/ahamo-dummy-demo2-frontend-workspace/src/components/ui/__tests__/CampaignCarousel.test.tsx",
      "startTime": 1754541653597,
      "status": "passed",
      "summary": ""
    },
    {
      "assertionResults": [
        {
          "ancestorTitles": ["PriceSimulation"],
          "duration": 23,
          "failureDetails": [],
          "failureMessages": [],
          "fullName": "PriceSimulation renders simulation title and base information",
          "invocations": 1,
          "location": null,
          "numPassingAsserts": 4,
          "retryReasons": [],
          "status": "passed",
          "title": "renders simulation title and base information"
        },
        {
          "ancestorTitles": ["PriceSimulation"],
          "duration": 9,
          "failureDetails": [],
          "failureMessages": [],
          "fullName": "PriceSimulation calculates total price correctly with all options",
          "invocations": 1,
          "location": null,
          "numPassingAsserts": 1,
          "retryReasons": [],
          "status": "passed",
          "title": "calculates total price correctly with all options"
        },
        {
          "ancestorTitles": ["PriceSimulation"],
          "duration": 4,
          "failureDetails": [],
          "failureMessages": [],
          "fullName": "PriceSimulation calculates total price correctly with only data plan",
          "invocations": 1,
          "location": null,
          "numPassingAsserts": 1,
          "retryReasons": [],
          "status": "passed",
          "title": "calculates total price correctly with only data plan"
        },
        {
          "ancestorTitles": ["PriceSimulation"],
          "duration": 17,
          "failureDetails": [],
          "failureMessages": [],
          "fullName": "PriceSimulation shows selected plan details",
          "invocations": 1,
          "location": null,
          "numPassingAsserts": 4,
          "retryReasons": [],
          "status": "passed",
          "title": "shows selected plan details"
        },
        {
          "ancestorTitles": ["PriceSimulation"],
          "duration": 3,
          "failureDetails": [],
          "failureMessages": [],
          "fullName": "PriceSimulation handles null options gracefully",
          "invocations": 1,
          "location": null,
          "numPassingAsserts": 2,
          "retryReasons": [],
          "status": "passed",
          "title": "handles null options gracefully"
        },
        {
          "ancestorTitles": ["PriceSimulation"],
          "duration": 3,
          "failureDetails": [],
          "failureMessages": [],
          "fullName": "PriceSimulation applies custom className",
          "invocations": 1,
          "location": null,
          "numPassingAsserts": 1,
          "retryReasons": [],
          "status": "passed",
          "title": "applies custom className"
        },
        {
          "ancestorTitles": ["PriceSimulation"],
          "duration": 9,
          "failureDetails": [],
          "failureMessages": [],
          "fullName": "PriceSimulation shows universal service and relay service fees",
          "invocations": 1,
          "location": null,
          "numPassingAsserts": 4,
          "retryReasons": [],
          "status": "passed",
          "title": "shows universal service and relay service fees"
        },
        {
          "ancestorTitles": ["PriceSimulation"],
          "duration": 3,
          "failureDetails": [],
          "failureMessages": [],
          "fullName": "PriceSimulation does not show voice option when price is 0",
          "invocations": 1,
          "location": null,
          "numPassingAsserts": 1,
          "retryReasons": [],
          "status": "passed",
          "title": "does not show voice option when price is 0"
        },
        {
          "ancestorTitles": ["PriceSimulation"],
          "duration": 7,
          "failureDetails": [],
          "failureMessages": [],
          "fullName": "PriceSimulation shows voice option when price is greater than 0",
          "invocations": 1,
          "location": null,
          "numPassingAsserts": 2,
          "retryReasons": [],
          "status": "passed",
          "title": "shows voice option when price is greater than 0"
        },
        {
          "ancestorTitles": ["PriceSimulation"],
          "duration": 4,
          "failureDetails": [],
          "failureMessages": [],
          "fullName": "PriceSimulation does not show overseas calling option when price is 0",
          "invocations": 1,
          "location": null,
          "numPassingAsserts": 1,
          "retryReasons": [],
          "status": "passed",
          "title": "does not show overseas calling option when price is 0"
        },
        {
          "ancestorTitles": ["PriceSimulation"],
          "duration": 4,
          "failureDetails": [],
          "failureMessages": [],
          "fullName": "PriceSimulation shows overseas calling option when price is greater than 0",
          "invocations": 1,
          "location": null,
          "numPassingAsserts": 2,
          "retryReasons": [],
          "status": "passed",
          "title": "shows overseas calling option when price is greater than 0"
        },
        {
          "ancestorTitles": ["PriceSimulation"],
          "duration": 3,
          "failureDetails": [],
          "failureMessages": [],
          "fullName": "PriceSimulation handles missing options in data gracefully",
          "invocations": 1,
          "location": null,
          "numPassingAsserts": 1,
          "retryReasons": [],
          "status": "passed",
          "title": "handles missing options in data gracefully"
        },
        {
          "ancestorTitles": ["PriceSimulation"],
          "duration": 5,
          "failureDetails": [],
          "failureMessages": [],
          "fullName": "PriceSimulation formats prices with commas correctly",
          "invocations": 1,
          "location": null,
          "numPassingAsserts": 4,
          "retryReasons": [],
          "status": "passed",
          "title": "formats prices with commas correctly"
        }
      ],
      "endTime": 1754541655134,
      "message": "",
      "name": "/home/ubuntu/repos/ahamo-dummy-demo2-frontend-workspace/src/components/ui/__tests__/PriceSimulation.test.tsx",
      "startTime": 1754541654882,
      "status": "passed",
      "summary": ""
    },
    {
      "assertionResults": [
        {
          "ancestorTitles": ["SmartphoneListCard"],
          "duration": 33,
          "failureDetails": [],
          "failureMessages": [],
          "fullName": "SmartphoneListCard renders smartphone information correctly",
          "invocations": 1,
          "location": null,
          "numPassingAsserts": 3,
          "retryReasons": [],
          "status": "passed",
          "title": "renders smartphone information correctly"
        },
        {
          "ancestorTitles": ["SmartphoneListCard"],
          "duration": 5,
          "failureDetails": [],
          "failureMessages": [],
          "fullName": "SmartphoneListCard displays sale label when present",
          "invocations": 1,
          "location": null,
          "numPassingAsserts": 1,
          "retryReasons": [],
          "status": "passed",
          "title": "displays sale label when present"
        },
        {
          "ancestorTitles": ["SmartphoneListCard"],
          "duration": 5,
          "failureDetails": [],
          "failureMessages": [],
          "fullName": "SmartphoneListCard does not display sale label when not present",
          "invocations": 1,
          "location": null,
          "numPassingAsserts": 1,
          "retryReasons": [],
          "status": "passed",
          "title": "does not display sale label when not present"
        },
        {
          "ancestorTitles": ["SmartphoneListCard"],
          "duration": 58,
          "failureDetails": [],
          "failureMessages": [],
          "fullName": "SmartphoneListCard renders color options when available",
          "invocations": 1,
          "location": null,
          "numPassingAsserts": 1,
          "retryReasons": [],
          "status": "passed",
          "title": "renders color options when available"
        },
        {
          "ancestorTitles": ["SmartphoneListCard"],
          "duration": 22,
          "failureDetails": [],
          "failureMessages": [],
          "fullName": "SmartphoneListCard handles color selection",
          "invocations": 1,
          "location": null,
          "numPassingAsserts": 1,
          "retryReasons": [],
          "status": "passed",
          "title": "handles color selection"
        },
        {
          "ancestorTitles": ["SmartphoneListCard"],
          "duration": 5,
          "failureDetails": [],
          "failureMessages": [],
          "fullName": "SmartphoneListCard renders features list (limited to 2)",
          "invocations": 1,
          "location": null,
          "numPassingAsserts": 3,
          "retryReasons": [],
          "status": "passed",
          "title": "renders features list (limited to 2)"
        },
        {
          "ancestorTitles": ["SmartphoneListCard"],
          "duration": 3,
          "failureDetails": [],
          "failureMessages": [],
          "fullName": "SmartphoneListCard renders description when present",
          "invocations": 1,
          "location": null,
          "numPassingAsserts": 1,
          "retryReasons": [],
          "status": "passed",
          "title": "renders description when present"
        },
        {
          "ancestorTitles": ["SmartphoneListCard"],
          "duration": 3,
          "failureDetails": [],
          "failureMessages": [],
          "fullName": "SmartphoneListCard applies custom className",
          "invocations": 1,
          "location": null,
          "numPassingAsserts": 1,
          "retryReasons": [],
          "status": "passed",
          "title": "applies custom className"
        },
        {
          "ancestorTitles": ["SmartphoneListCard"],
          "duration": 11,
          "failureDetails": [],
          "failureMessages": [],
          "fullName": "SmartphoneListCard renders action button",
          "invocations": 1,
          "location": null,
          "numPassingAsserts": 2,
          "retryReasons": [],
          "status": "passed",
          "title": "renders action button"
        },
        {
          "ancestorTitles": ["SmartphoneListCard"],
          "duration": 12,
          "failureDetails": [],
          "failureMessages": [],
          "fullName": "SmartphoneListCard has proper accessibility attributes",
          "invocations": 1,
          "location": null,
          "numPassingAsserts": 2,
          "retryReasons": [],
          "status": "passed",
          "title": "has proper accessibility attributes"
        },
        {
          "ancestorTitles": ["SmartphoneListCard"],
          "duration": 7,
          "failureDetails": [],
          "failureMessages": [],
          "fullName": "SmartphoneListCard uses horizontal layout structure",
          "invocations": 1,
          "location": null,
          "numPassingAsserts": 2,
          "retryReasons": [],
          "status": "passed",
          "title": "uses horizontal layout structure"
        },
        {
          "ancestorTitles": ["SmartphoneListCard"],
          "duration": 18,
          "failureDetails": [],
          "failureMessages": [],
          "fullName": "SmartphoneListCard handles keyboard navigation for color selection",
          "invocations": 1,
          "location": null,
          "numPassingAsserts": 2,
          "retryReasons": [],
          "status": "passed",
          "title": "handles keyboard navigation for color selection"
        }
      ],
      "endTime": 1754541655215,
      "message": "",
      "name": "/home/ubuntu/repos/ahamo-dummy-demo2-frontend-workspace/src/components/ui/__tests__/SmartphoneListCard.test.tsx",
      "startTime": 1754541654877,
      "status": "passed",
      "summary": ""
    },
    {
      "assertionResults": [
        {
          "ancestorTitles": ["useSmartphones"],
          "duration": 56,
          "failureDetails": [],
          "failureMessages": [],
          "fullName": "useSmartphones should fetch smartphones successfully",
          "invocations": 1,
          "location": null,
          "numPassingAsserts": 5,
          "retryReasons": [],
          "status": "passed",
          "title": "should fetch smartphones successfully"
        },
        {
          "ancestorTitles": ["useSmartphones"],
          "duration": 53,
          "failureDetails": [],
          "failureMessages": [],
          "fullName": "useSmartphones should handle API errors",
          "invocations": 1,
          "location": null,
          "numPassingAsserts": 3,
          "retryReasons": [],
          "status": "passed",
          "title": "should handle API errors"
        },
        {
          "ancestorTitles": ["useSmartphone"],
          "duration": 54,
          "failureDetails": [],
          "failureMessages": [],
          "fullName": "useSmartphone should fetch single smartphone successfully",
          "invocations": 1,
          "location": null,
          "numPassingAsserts": 4,
          "retryReasons": [],
          "status": "passed",
          "title": "should fetch single smartphone successfully"
        },
        {
          "ancestorTitles": ["useSmartphone"],
          "duration": 54,
          "failureDetails": [],
          "failureMessages": [],
          "fullName": "useSmartphone should handle smartphone not found",
          "invocations": 1,
          "location": null,
          "numPassingAsserts": 3,
          "retryReasons": [],
          "status": "passed",
          "title": "should handle smartphone not found"
        }
      ],
      "endTime": 1754541655320,
      "message": "",
      "name": "/home/ubuntu/repos/ahamo-dummy-demo2-frontend-workspace/src/components/ui/__tests__/useSmartphones.test.tsx",
      "startTime": 1754541654974,
      "status": "passed",
      "summary": ""
    },
    {
      "assertionResults": [
        {
          "ancestorTitles": ["useSmartphoneOptions"],
          "duration": 56,
          "failureDetails": [],
          "failureMessages": [],
          "fullName": "useSmartphoneOptions should fetch smartphone options successfully",
          "invocations": 1,
          "location": null,
          "numPassingAsserts": 4,
          "retryReasons": [],
          "status": "passed",
          "title": "should fetch smartphone options successfully"
        },
        {
          "ancestorTitles": ["useSmartphoneOptions"],
          "duration": 53,
          "failureDetails": [],
          "failureMessages": [],
          "fullName": "useSmartphoneOptions should handle API errors",
          "invocations": 1,
          "location": null,
          "numPassingAsserts": 3,
          "retryReasons": [],
          "status": "passed",
          "title": "should handle API errors"
        },
        {
          "ancestorTitles": ["useSmartphoneOptions"],
          "duration": 59,
          "failureDetails": [],
          "failureMessages": [],
          "fullName": "useSmartphoneOptions should handle network errors",
          "invocations": 1,
          "location": null,
          "numPassingAsserts": 3,
          "retryReasons": [],
          "status": "passed",
          "title": "should handle network errors"
        },
        {
          "ancestorTitles": ["useSmartphoneOptions"],
          "duration": 3,
          "failureDetails": [],
          "failureMessages": [],
          "fullName": "useSmartphoneOptions should not fetch when deviceId is empty",
          "invocations": 1,
          "location": null,
          "numPassingAsserts": 4,
          "retryReasons": [],
          "status": "passed",
          "title": "should not fetch when deviceId is empty"
        },
        {
          "ancestorTitles": ["useSmartphoneOptions"],
          "duration": 109,
          "failureDetails": [],
          "failureMessages": [],
          "fullName": "useSmartphoneOptions should refetch when deviceId changes",
          "invocations": 1,
          "location": null,
          "numPassingAsserts": 8,
          "retryReasons": [],
          "status": "passed",
          "title": "should refetch when deviceId changes"
        }
      ],
      "endTime": 1754541655398,
      "message": "",
      "name": "/home/ubuntu/repos/ahamo-dummy-demo2-frontend-workspace/src/hooks/__tests__/useSmartphoneOptions.test.tsx",
      "startTime": 1754541654963,
      "status": "passed",
      "summary": ""
    },
    {
      "assertionResults": [
        {
          "ancestorTitles": ["OptionSelector"],
          "duration": 13,
          "failureDetails": [],
          "failureMessages": [],
          "fullName": "OptionSelector renders title and options correctly",
          "invocations": 1,
          "location": null,
          "numPassingAsserts": 5,
          "retryReasons": [],
          "status": "passed",
          "title": "renders title and options correctly"
        },
        {
          "ancestorTitles": ["OptionSelector"],
          "duration": 41,
          "failureDetails": [],
          "failureMessages": [],
          "fullName": "OptionSelector highlights selected option",
          "invocations": 1,
          "location": null,
          "numPassingAsserts": 2,
          "retryReasons": [],
          "status": "passed",
          "title": "highlights selected option"
        },
        {
          "ancestorTitles": ["OptionSelector"],
          "duration": 14,
          "failureDetails": [],
          "failureMessages": [],
          "fullName": "OptionSelector calls onOptionSelect when option is clicked",
          "invocations": 1,
          "location": null,
          "numPassingAsserts": 1,
          "retryReasons": [],
          "status": "passed",
          "title": "calls onOptionSelect when option is clicked"
        },
        {
          "ancestorTitles": ["OptionSelector"],
          "duration": 2,
          "failureDetails": [],
          "failureMessages": [],
          "fullName": "OptionSelector applies custom className",
          "invocations": 1,
          "location": null,
          "numPassingAsserts": 1,
          "retryReasons": [],
          "status": "passed",
          "title": "applies custom className"
        },
        {
          "ancestorTitles": ["OptionSelector"],
          "duration": 1,
          "failureDetails": [],
          "failureMessages": [],
          "fullName": "OptionSelector renders empty state when no options provided",
          "invocations": 1,
          "location": null,
          "numPassingAsserts": 2,
          "retryReasons": [],
          "status": "passed",
          "title": "renders empty state when no options provided"
        },
        {
          "ancestorTitles": ["OptionSelector"],
          "duration": 21,
          "failureDetails": [],
          "failureMessages": [],
          "fullName": "OptionSelector shows no selection when selectedOption is null",
          "invocations": 1,
          "location": null,
          "numPassingAsserts": 2,
          "retryReasons": [],
          "status": "passed",
          "title": "shows no selection when selectedOption is null"
        },
        {
          "ancestorTitles": ["OptionSelector"],
          "duration": 11,
          "failureDetails": [],
          "failureMessages": [],
          "fullName": "OptionSelector renders options without displaying price information",
          "invocations": 1,
          "location": null,
          "numPassingAsserts": 4,
          "retryReasons": [],
          "status": "passed",
          "title": "renders options without displaying price information"
        },
        {
          "ancestorTitles": ["OptionSelector"],
          "duration": 5,
          "failureDetails": [],
          "failureMessages": [],
          "fullName": "OptionSelector renders SelectionStep with correct title",
          "invocations": 1,
          "location": null,
          "numPassingAsserts": 1,
          "retryReasons": [],
          "status": "passed",
          "title": "renders SelectionStep with correct title"
        },
        {
          "ancestorTitles": ["OptionSelector"],
          "duration": 15,
          "failureDetails": [],
          "failureMessages": [],
          "fullName": "OptionSelector handles click events correctly",
          "invocations": 1,
          "location": null,
          "numPassingAsserts": 1,
          "retryReasons": [],
          "status": "passed",
          "title": "handles click events correctly"
        }
      ],
      "endTime": 1754541655404,
      "message": "",
      "name": "/home/ubuntu/repos/ahamo-dummy-demo2-frontend-workspace/src/components/forms/__tests__/OptionSelector.test.tsx",
      "startTime": 1754541655145,
      "status": "passed",
      "summary": ""
    },
    {
      "assertionResults": [
        {
          "ancestorTitles": ["ContactForm コンポーネント"],
          "duration": 37,
          "failureDetails": [],
          "failureMessages": [],
          "fullName": "ContactForm コンポーネント 正しくレンダリングされる",
          "invocations": 1,
          "location": null,
          "numPassingAsserts": 4,
          "retryReasons": [],
          "status": "passed",
          "title": "正しくレンダリングされる"
        },
        {
          "ancestorTitles": ["ContactForm コンポーネント"],
          "duration": 40,
          "failureDetails": [],
          "failureMessages": [],
          "fullName": "ContactForm コンポーネント バリデーションエラーが表示される",
          "invocations": 1,
          "location": null,
          "numPassingAsserts": 1,
          "retryReasons": [],
          "status": "passed",
          "title": "バリデーションエラーが表示される"
        },
        {
          "ancestorTitles": ["ContactForm コンポーネント"],
          "duration": 164,
          "failureDetails": [],
          "failureMessages": [],
          "fullName": "ContactForm コンポーネント 正しい値でフォームが送信される",
          "invocations": 1,
          "location": null,
          "numPassingAsserts": 1,
          "retryReasons": [],
          "status": "passed",
          "title": "正しい値でフォームが送信される"
        }
      ],
      "endTime": 1754541655404,
      "message": "",
      "name": "/home/ubuntu/repos/ahamo-dummy-demo2-frontend-workspace/src/components/forms/__tests__/contact-form.test.tsx",
      "startTime": 1754541654937,
      "status": "passed",
      "summary": ""
    },
    {
      "assertionResults": [
        {
          "ancestorTitles": ["Header"],
          "duration": 15,
          "failureDetails": [],
          "failureMessages": [],
          "fullName": "Header renders header elements correctly",
          "invocations": 1,
          "location": null,
          "numPassingAsserts": 6,
          "retryReasons": [],
          "status": "passed",
          "title": "renders header elements correctly"
        },
        {
          "ancestorTitles": ["Header"],
          "duration": 81,
          "failureDetails": [],
          "failureMessages": [],
          "fullName": "Header has correct navigation links",
          "invocations": 1,
          "location": null,
          "numPassingAsserts": 4,
          "retryReasons": [],
          "status": "passed",
          "title": "has correct navigation links"
        },
        {
          "ancestorTitles": ["Header"],
          "duration": 15,
          "failureDetails": [],
          "failureMessages": [],
          "fullName": "Header toggles mobile menu correctly",
          "invocations": 1,
          "location": null,
          "numPassingAsserts": 5,
          "retryReasons": [],
          "status": "passed",
          "title": "toggles mobile menu correctly"
        },
        {
          "ancestorTitles": ["Header"],
          "duration": 12,
          "failureDetails": [],
          "failureMessages": [],
          "fullName": "Header closes mobile menu when navigation link is clicked",
          "invocations": 1,
          "location": null,
          "numPassingAsserts": 2,
          "retryReasons": [],
          "status": "passed",
          "title": "closes mobile menu when navigation link is clicked"
        },
        {
          "ancestorTitles": ["Header"],
          "duration": 7,
          "failureDetails": [],
          "failureMessages": [],
          "fullName": "Header animates hamburger menu icon correctly",
          "invocations": 1,
          "location": null,
          "numPassingAsserts": 6,
          "retryReasons": [],
          "status": "passed",
          "title": "animates hamburger menu icon correctly"
        },
        {
          "ancestorTitles": ["Header"],
          "duration": 21,
          "failureDetails": [],
          "failureMessages": [],
          "fullName": "Header shows desktop navigation elements",
          "invocations": 1,
          "location": null,
          "numPassingAsserts": 2,
          "retryReasons": [],
          "status": "passed",
          "title": "shows desktop navigation elements"
        },
        {
          "ancestorTitles": ["Header"],
          "duration": 3,
          "failureDetails": [],
          "failureMessages": [],
          "fullName": "Header has proper accessibility attributes",
          "invocations": 1,
          "location": null,
          "numPassingAsserts": 1,
          "retryReasons": [],
          "status": "passed",
          "title": "has proper accessibility attributes"
        },
        {
          "ancestorTitles": ["Header"],
          "duration": 4,
          "failureDetails": [],
          "failureMessages": [],
          "fullName": "Header applies correct styling classes",
          "invocations": 1,
          "location": null,
          "numPassingAsserts": 1,
          "retryReasons": [],
          "status": "passed",
          "title": "applies correct styling classes"
        }
      ],
      "endTime": 1754541655447,
      "message": "",
      "name": "/home/ubuntu/repos/ahamo-dummy-demo2-frontend-workspace/src/components/layout/__tests__/header.test.tsx",
      "startTime": 1754541655122,
      "status": "passed",
      "summary": ""
    },
    {
      "assertionResults": [
        {
          "ancestorTitles": ["SmartphoneCard"],
          "duration": 11,
          "failureDetails": [],
          "failureMessages": [],
          "fullName": "SmartphoneCard renders smartphone information correctly",
          "invocations": 1,
          "location": null,
          "numPassingAsserts": 3,
          "retryReasons": [],
          "status": "passed",
          "title": "renders smartphone information correctly"
        },
        {
          "ancestorTitles": ["SmartphoneCard"],
          "duration": 4,
          "failureDetails": [],
          "failureMessages": [],
          "fullName": "SmartphoneCard displays sale label when present",
          "invocations": 1,
          "location": null,
          "numPassingAsserts": 1,
          "retryReasons": [],
          "status": "passed",
          "title": "displays sale label when present"
        },
        {
          "ancestorTitles": ["SmartphoneCard"],
          "duration": 4,
          "failureDetails": [],
          "failureMessages": [],
          "fullName": "SmartphoneCard does not display sale label when not present",
          "invocations": 1,
          "location": null,
          "numPassingAsserts": 1,
          "retryReasons": [],
          "status": "passed",
          "title": "does not display sale label when not present"
        },
        {
          "ancestorTitles": ["SmartphoneCard"],
          "duration": 10,
          "failureDetails": [],
          "failureMessages": [],
          "fullName": "SmartphoneCard displays 5G badge when has5G is true",
          "invocations": 1,
          "location": null,
          "numPassingAsserts": 1,
          "retryReasons": [],
          "status": "passed",
          "title": "displays 5G badge when has5G is true"
        },
        {
          "ancestorTitles": ["SmartphoneCard"],
          "duration": 3,
          "failureDetails": [],
          "failureMessages": [],
          "fullName": "SmartphoneCard does not display 5G badge when has5G is false",
          "invocations": 1,
          "location": null,
          "numPassingAsserts": 1,
          "retryReasons": [],
          "status": "passed",
          "title": "does not display 5G badge when has5G is false"
        },
        {
          "ancestorTitles": ["SmartphoneCard"],
          "duration": 31,
          "failureDetails": [],
          "failureMessages": [],
          "fullName": "SmartphoneCard renders color options when available",
          "invocations": 1,
          "location": null,
          "numPassingAsserts": 1,
          "retryReasons": [],
          "status": "passed",
          "title": "renders color options when available"
        },
        {
          "ancestorTitles": ["SmartphoneCard"],
          "duration": 14,
          "failureDetails": [],
          "failureMessages": [],
          "fullName": "SmartphoneCard handles color selection",
          "invocations": 1,
          "location": null,
          "numPassingAsserts": 1,
          "retryReasons": [],
          "status": "passed",
          "title": "handles color selection"
        },
        {
          "ancestorTitles": ["SmartphoneCard"],
          "duration": 5,
          "failureDetails": [],
          "failureMessages": [],
          "fullName": "SmartphoneCard renders features list",
          "invocations": 1,
          "location": null,
          "numPassingAsserts": 2,
          "retryReasons": [],
          "status": "passed",
          "title": "renders features list"
        },
        {
          "ancestorTitles": ["SmartphoneCard"],
          "duration": 4,
          "failureDetails": [],
          "failureMessages": [],
          "fullName": "SmartphoneCard renders description when present",
          "invocations": 1,
          "location": null,
          "numPassingAsserts": 1,
          "retryReasons": [],
          "status": "passed",
          "title": "renders description when present"
        },
        {
          "ancestorTitles": ["SmartphoneCard"],
          "duration": 3,
          "failureDetails": [],
          "failureMessages": [],
          "fullName": "SmartphoneCard applies custom className",
          "invocations": 1,
          "location": null,
          "numPassingAsserts": 1,
          "retryReasons": [],
          "status": "passed",
          "title": "applies custom className"
        },
        {
          "ancestorTitles": ["SmartphoneCard"],
          "duration": 10,
          "failureDetails": [],
          "failureMessages": [],
          "fullName": "SmartphoneCard renders action button",
          "invocations": 1,
          "location": null,
          "numPassingAsserts": 2,
          "retryReasons": [],
          "status": "passed",
          "title": "renders action button"
        },
        {
          "ancestorTitles": ["SmartphoneCard"],
          "duration": 17,
          "failureDetails": [],
          "failureMessages": [],
          "fullName": "SmartphoneCard has proper accessibility attributes",
          "invocations": 1,
          "location": null,
          "numPassingAsserts": 2,
          "retryReasons": [],
          "status": "passed",
          "title": "has proper accessibility attributes"
        }
      ],
      "endTime": 1754541655522,
      "message": "",
      "name": "/home/ubuntu/repos/ahamo-dummy-demo2-frontend-workspace/src/components/ui/__tests__/SmartphoneCard.test.tsx",
      "startTime": 1754541655229,
      "status": "passed",
      "summary": ""
    },
    {
      "assertionResults": [
        {
          "ancestorTitles": ["CampaignCard コンポーネント"],
          "duration": 47,
          "failureDetails": [],
          "failureMessages": [],
          "fullName": "CampaignCard コンポーネント 正しくレンダリングされる",
          "invocations": 1,
          "location": null,
          "numPassingAsserts": 3,
          "retryReasons": [],
          "status": "passed",
          "title": "正しくレンダリングされる"
        },
        {
          "ancestorTitles": ["CampaignCard コンポーネント"],
          "duration": 3,
          "failureDetails": [],
          "failureMessages": [],
          "fullName": "CampaignCard コンポーネント compactプロパティがtrueの場合、小さいサイズでレンダリングされる",
          "invocations": 1,
          "location": null,
          "numPassingAsserts": 1,
          "retryReasons": [],
          "status": "passed",
          "title": "compactプロパティがtrueの場合、小さいサイズでレンダリングされる"
        },
        {
          "ancestorTitles": ["CampaignCard コンポーネント"],
          "duration": 3,
          "failureDetails": [],
          "failureMessages": [],
          "fullName": "CampaignCard コンポーネント compactプロパティがfalseの場合、通常サイズでレンダリングされる",
          "invocations": 1,
          "location": null,
          "numPassingAsserts": 1,
          "retryReasons": [],
          "status": "passed",
          "title": "compactプロパティがfalseの場合、通常サイズでレンダリングされる"
        },
        {
          "ancestorTitles": ["CampaignCard コンポーネント"],
          "duration": 2,
          "failureDetails": [],
          "failureMessages": [],
          "fullName": "CampaignCard コンポーネント imageUrlがない場合でも正しくレンダリングされる",
          "invocations": 1,
          "location": null,
          "numPassingAsserts": 2,
          "retryReasons": [],
          "status": "passed",
          "title": "imageUrlがない場合でも正しくレンダリングされる"
        },
        {
          "ancestorTitles": ["CampaignCard コンポーネント"],
          "duration": 30,
          "failureDetails": [],
          "failureMessages": [],
          "fullName": "CampaignCard コンポーネント 詳細ボタンがクリック可能である",
          "invocations": 1,
          "location": null,
          "numPassingAsserts": 2,
          "retryReasons": [],
          "status": "passed",
          "title": "詳細ボタンがクリック可能である"
        },
        {
          "ancestorTitles": ["CampaignCard コンポーネント"],
          "duration": 3,
          "failureDetails": [],
          "failureMessages": [],
          "fullName": "CampaignCard コンポーネント NEWバッジが表示される",
          "invocations": 1,
          "location": null,
          "numPassingAsserts": 1,
          "retryReasons": [],
          "status": "passed",
          "title": "NEWバッジが表示される"
        },
        {
          "ancestorTitles": ["CampaignCard コンポーネント"],
          "duration": 2,
[...]
        },
        "8": {
          "name": "(anonymous_14)",
          "decl": { "start": { "line": 70, "column": 35 }, "end": { "line": 70, "column": 36 } },
          "loc": { "start": { "line": 70, "column": 46 }, "end": { "line": 74, "column": null } }
        },
        "9": {
          "name": "(anonymous_15)",
          "decl": { "start": { "line": 78, "column": 31 }, "end": { "line": 78, "column": null } },
          "loc": { "start": { "line": 78, "column": 31 }, "end": { "line": 81, "column": null } }
        },
        "10": {
          "name": "(anonymous_16)",
          "decl": { "start": { "line": 83, "column": 35 }, "end": { "line": 83, "column": null } },
          "loc": { "start": { "line": 83, "column": 35 }, "end": { "line": 86, "column": null } }
        }
      },
      "branchMap": {
        "0": {
          "loc": { "start": { "line": 8, "column": 2 }, "end": { "line": 8, "column": 41 } },
          "type": "default-arg",
          "locations": [
            { "start": { "line": 8, "column": 32 }, "end": { "line": 8, "column": 41 } }
          ]
        },
        "1": {
          "loc": { "start": { "line": 13, "column": 11 }, "end": { "line": 13, "column": null } },
          "type": "binary-expr",
          "locations": [
            { "start": { "line": 13, "column": 11 }, "end": { "line": 13, "column": 23 } },
            { "start": { "line": 13, "column": 23 }, "end": { "line": 13, "column": 66 } }
          ]
        },
        "2": {
          "loc": { "start": { "line": 13, "column": 23 }, "end": { "line": 13, "column": 66 } },
          "type": "cond-expr",
          "locations": [
            { "start": { "line": 13, "column": 44 }, "end": { "line": 13, "column": 58 } },
            { "start": { "line": 13, "column": 58 }, "end": { "line": 13, "column": 66 } }
          ]
        },
        "3": {
          "loc": { "start": { "line": 17, "column": 2 }, "end": { "line": 17, "column": 10 } },
          "type": "default-arg",
          "locations": [
            { "start": { "line": 17, "column": 9 }, "end": { "line": 17, "column": 10 } }
          ]
        },
        "4": {
          "loc": { "start": { "line": 18, "column": 2 }, "end": { "line": 18, "column": 12 } },
          "type": "default-arg",
          "locations": [
            { "start": { "line": 18, "column": 10 }, "end": { "line": 18, "column": 12 } }
          ]
        },
        "5": {
          "loc": { "start": { "line": 22, "column": 2 }, "end": { "line": 28, "column": null } },
          "type": "if",
          "locations": [
            { "start": { "line": 22, "column": 2 }, "end": { "line": 28, "column": null } }
          ]
        },
        "6": {
          "loc": { "start": { "line": 23, "column": 4 }, "end": { "line": 27, "column": null } },
          "type": "if",
          "locations": [
            { "start": { "line": 23, "column": 4 }, "end": { "line": 27, "column": null } },
            { "start": { "line": 25, "column": 11 }, "end": { "line": 27, "column": null } }
          ]
        },
        "7": {
          "loc": { "start": { "line": 25, "column": 11 }, "end": { "line": 27, "column": null } },
          "type": "if",
          "locations": [
            { "start": { "line": 25, "column": 11 }, "end": { "line": 27, "column": null } }
          ]
        },
        "8": {
          "loc": { "start": { "line": 45, "column": 2 }, "end": { "line": 49, "column": null } },
          "type": "if",
          "locations": [
            { "start": { "line": 45, "column": 2 }, "end": { "line": 49, "column": null } },
            { "start": { "line": 47, "column": 9 }, "end": { "line": 49, "column": null } }
          ]
        },
        "9": {
          "loc": { "start": { "line": 62, "column": 26 }, "end": { "line": 62, "column": null } },
          "type": "binary-expr",
          "locations": [
            { "start": { "line": 62, "column": 26 }, "end": { "line": 62, "column": 58 } },
            { "start": { "line": 62, "column": 58 }, "end": { "line": 62, "column": null } }
          ]
        },
        "10": {
          "loc": { "start": { "line": 63, "column": 27 }, "end": { "line": 63, "column": null } },
          "type": "binary-expr",
          "locations": [
            { "start": { "line": 63, "column": 27 }, "end": { "line": 63, "column": 60 } },
            { "start": { "line": 63, "column": 60 }, "end": { "line": 63, "column": null } }
          ]
        },
        "11": {
          "loc": { "start": { "line": 64, "column": 18 }, "end": { "line": 64, "column": null } },
          "type": "binary-expr",
          "locations": [
            { "start": { "line": 64, "column": 18 }, "end": { "line": 64, "column": 51 } },
            { "start": { "line": 64, "column": 51 }, "end": { "line": 64, "column": null } }
          ]
        }
      },
      "s": {
        "0": 0,
        "1": 0,
        "2": 0,
        "3": 0,
        "4": 0,
        "5": 0,
        "6": 0,
        "7": 0,
        "8": 0,
        "9": 0,
        "10": 0,
        "11": 0,
        "12": 0,
        "13": 0,
        "14": 0,
        "15": 0,
        "16": 0,
        "17": 0,
        "18": 0,
        "19": 0,
        "20": 0,
        "21": 0,
        "22": 0,
        "23": 0,
        "24": 0,
        "25": 0,
        "26": 0,
        "27": 0,
        "28": 0,
        "29": 0,
        "30": 0,
        "31": 0,
        "32": 0,
        "33": 0,
        "34": 0,
        "35": 0,
        "36": 0,
        "37": 0,
        "38": 0,
        "39": 0,
        "40": 0,
        "41": 0,
        "42": 0,
        "43": 0,
        "44": 0
      },
      "f": {
        "0": 0,
        "1": 0,
        "2": 0,
        "3": 0,
        "4": 0,
        "5": 0,
        "6": 0,
        "7": 0,
        "8": 0,
        "9": 0,
        "10": 0
      },
      "b": {
        "0": [0],
        "1": [0, 0],
        "2": [0, 0],
        "3": [0],
        "4": [0],
        "5": [0],
        "6": [0, 0],
        "7": [0],
        "8": [0, 0],
        "9": [0, 0],
        "10": [0, 0],
        "11": [0, 0]
      }
    },
    "/home/ubuntu/repos/ahamo-dummy-demo2-frontend-workspace/src/lib/msw.ts": {
      "path": "/home/ubuntu/repos/ahamo-dummy-demo2-frontend-workspace/src/lib/msw.ts",
      "statementMap": {
        "0": { "start": { "line": 3, "column": 22 }, "end": { "line": 3, "column": null } },
        "1": { "start": { "line": 4, "column": 2 }, "end": { "line": 6, "column": null } },
        "2": { "start": { "line": 5, "column": 4 }, "end": { "line": 5, "column": null } },
        "3": { "start": { "line": 8, "column": 2 }, "end": { "line": 13, "column": null } },
        "4": { "start": { "line": 9, "column": 23 }, "end": { "line": 9, "column": null } },
        "5": { "start": { "line": 9, "column": 29 }, "end": { "line": 9, "column": null } },
        "6": { "start": { "line": 10, "column": 4 }, "end": { "line": 12, "column": null } }
      },
      "fnMap": {
        "0": {
          "name": "enableMocking",
          "decl": { "start": { "line": 3, "column": 22 }, "end": { "line": 3, "column": null } },
          "loc": { "start": { "line": 3, "column": 22 }, "end": { "line": 14, "column": null } }
        },
        "1": {
          "name": "(anonymous_5)",
          "decl": { "start": { "line": 9, "column": 29 }, "end": { "line": 9, "column": 36 } },
          "loc": { "start": { "line": 9, "column": 29 }, "end": { "line": 9, "column": null } }
        }
      },
      "branchMap": {
        "0": {
          "loc": { "start": { "line": 4, "column": 2 }, "end": { "line": 6, "column": null } },
          "type": "if",
          "locations": [
            { "start": { "line": 4, "column": 2 }, "end": { "line": 6, "column": null } }
          ]
        },
        "1": {
          "loc": { "start": { "line": 8, "column": 2 }, "end": { "line": 13, "column": null } },
          "type": "if",
          "locations": [
            { "start": { "line": 8, "column": 2 }, "end": { "line": 13, "column": null } }
          ]
        }
      },
      "s": { "0": 0, "1": 0, "2": 0, "3": 0, "4": 0, "5": 0, "6": 0 },
      "f": { "0": 0, "1": 0 },
      "b": { "0": [0], "1": [0] }
    },
    "/home/ubuntu/repos/ahamo-dummy-demo2-frontend-workspace/src/stories/Page.tsx": {
      "path": "/home/ubuntu/repos/ahamo-dummy-demo2-frontend-workspace/src/stories/Page.tsx",
      "statementMap": {
        "0": { "start": { "line": 10, "column": 13 }, "end": { "line": 10, "column": 30 } },
        "1": { "start": { "line": 1, "column": 18 }, "end": { "line": 1, "column": null } },
        "2": { "start": { "line": 3, "column": 23 }, "end": { "line": 3, "column": null } },
        "3": { "start": { "line": 4, "column": 7 }, "end": { "line": 4, "column": null } },
        "4": { "start": { "line": 10, "column": 30 }, "end": { "line": 73, "column": null } },
        "5": { "start": { "line": 11, "column": 26 }, "end": { "line": 11, "column": null } },
        "6": { "start": { "line": 17, "column": 23 }, "end": { "line": 17, "column": null } },
        "7": { "start": { "line": 18, "column": 24 }, "end": { "line": 18, "column": null } },
        "8": { "start": { "line": 19, "column": 31 }, "end": { "line": 19, "column": null } }
      },
      "fnMap": {
        "0": {
          "name": "(anonymous_2)",
          "decl": { "start": { "line": 10, "column": 30 }, "end": { "line": 10, "column": null } },
          "loc": { "start": { "line": 10, "column": 30 }, "end": { "line": 73, "column": null } }
        },
        "1": {
          "name": "(anonymous_3)",
          "decl": { "start": { "line": 17, "column": 17 }, "end": { "line": 17, "column": 23 } },
          "loc": { "start": { "line": 17, "column": 23 }, "end": { "line": 17, "column": null } }
        },
        "2": {
          "name": "(anonymous_4)",
          "decl": { "start": { "line": 18, "column": 18 }, "end": { "line": 18, "column": 24 } },
          "loc": { "start": { "line": 18, "column": 24 }, "end": { "line": 18, "column": null } }
        },
        "3": {
          "name": "(anonymous_5)",
          "decl": { "start": { "line": 19, "column": 25 }, "end": { "line": 19, "column": 31 } },
          "loc": { "start": { "line": 19, "column": 31 }, "end": { "line": 19, "column": null } }
        }
      },
      "branchMap": {},
      "s": { "0": 0, "1": 0, "2": 0, "3": 0, "4": 0, "5": 0, "6": 0, "7": 0, "8": 0 },
      "f": { "0": 0, "1": 0, "2": 0, "3": 0 },
      "b": {}
    },
    "/home/ubuntu/repos/ahamo-dummy-demo2-frontend-workspace/src/types/index.ts": {
      "path": "/home/ubuntu/repos/ahamo-dummy-demo2-frontend-workspace/src/types/index.ts",
      "statementMap": {
        "0": { "start": { "line": 100, "column": 14 }, "end": { "line": 100, "column": null } }
      },
      "fnMap": {},
      "branchMap": {},
      "s": { "0": 0 },
      "f": {},
      "b": {}
    },
    "/home/ubuntu/repos/ahamo-dummy-demo2-frontend-workspace/src/tests/mocks/data.ts": {
      "path": "/home/ubuntu/repos/ahamo-dummy-demo2-frontend-workspace/src/tests/mocks/data.ts",
      "statementMap": {
        "0": { "start": { "line": 71, "column": 13 }, "end": { "line": 71, "column": 26 } },
        "1": { "start": { "line": 81, "column": 13 }, "end": { "line": 81, "column": 21 } },
        "2": { "start": { "line": 1, "column": 13 }, "end": { "line": 1, "column": 34 } },
        "3": { "start": { "line": 15, "column": 13 }, "end": { "line": 15, "column": 28 } },
        "4": { "start": { "line": 1, "column": 37 }, "end": { "line": 13, "column": null } },
        "5": { "start": { "line": 15, "column": 31 }, "end": { "line": 69, "column": null } },
        "6": { "start": { "line": 71, "column": 29 }, "end": { "line": 79, "column": null } },
        "7": { "start": { "line": 81, "column": 24 }, "end": { "line": 89, "column": null } }
      },
      "fnMap": {},
      "branchMap": {},
      "s": { "0": 0, "1": 0, "2": 0, "3": 0, "4": 0, "5": 0, "6": 0, "7": 0 },
      "f": {},
      "b": {}
    },
    "/home/ubuntu/repos/ahamo-dummy-demo2-frontend-workspace/src/tests/mocks/api.ts": {
      "path": "/home/ubuntu/repos/ahamo-dummy-demo2-frontend-workspace/src/tests/mocks/api.ts",
      "statementMap": {
        "0": { "start": { "line": 14, "column": 16 }, "end": { "line": 14, "column": 37 } },
        "1": { "start": { "line": 41, "column": 13 }, "end": { "line": 41, "column": 44 } },
        "2": { "start": { "line": 26, "column": 13 }, "end": { "line": 26, "column": 26 } },
        "3": { "start": { "line": 35, "column": 13 }, "end": { "line": 35, "column": 37 } },
        "4": { "start": { "line": 19, "column": 2 }, "end": { "line": 23, "column": null } },
        "5": { "start": { "line": 26, "column": 29 }, "end": { "line": 33, "column": null } },
        "6": { "start": { "line": 35, "column": 40 }, "end": { "line": 39, "column": null } },
        "7": { "start": { "line": 41, "column": 47 }, "end": { "line": 50, "column": null } },
        "8": { "start": { "line": 45, "column": 29 }, "end": { "line": 50, "column": null } }
      },
      "fnMap": {
        "0": {
          "name": "createMockApiResponse",
          "decl": { "start": { "line": 14, "column": 16 }, "end": { "line": 14, "column": 37 } },
          "loc": { "start": { "line": 17, "column": 18 }, "end": { "line": 24, "column": null } }
        },
        "1": {
          "name": "(anonymous_6)",
          "decl": { "start": { "line": 41, "column": 47 }, "end": { "line": 41, "column": null } },
          "loc": { "start": { "line": 45, "column": 29 }, "end": { "line": 50, "column": null } }
        }
      },
      "branchMap": {
        "0": {
          "loc": { "start": { "line": 16, "column": 2 }, "end": { "line": 16, "column": 41 } },
          "type": "default-arg",
          "locations": [
            { "start": { "line": 16, "column": 32 }, "end": { "line": 16, "column": 41 } }
          ]
        },
        "1": {
          "loc": { "start": { "line": 22, "column": 13 }, "end": { "line": 22, "column": null } },
          "type": "binary-expr",
          "locations": [
            { "start": { "line": 22, "column": 13 }, "end": { "line": 22, "column": 25 } },
            { "start": { "line": 22, "column": 25 }, "end": { "line": 22, "column": 68 } }
          ]
        },
        "2": {
          "loc": { "start": { "line": 22, "column": 25 }, "end": { "line": 22, "column": 68 } },
          "type": "cond-expr",
          "locations": [
            { "start": { "line": 22, "column": 46 }, "end": { "line": 22, "column": 60 } },
            { "start": { "line": 22, "column": 60 }, "end": { "line": 22, "column": 68 } }
          ]
        },
        "3": {
          "loc": { "start": { "line": 43, "column": 2 }, "end": { "line": 43, "column": 18 } },
          "type": "default-arg",
          "locations": [
            { "start": { "line": 43, "column": 17 }, "end": { "line": 43, "column": 18 } }
          ]
        },
        "4": {
          "loc": { "start": { "line": 44, "column": 2 }, "end": { "line": 44, "column": 20 } },
          "type": "default-arg",
          "locations": [
            { "start": { "line": 44, "column": 18 }, "end": { "line": 44, "column": 20 } }
          ]
        }
      },
      "s": { "0": 0, "1": 0, "2": 0, "3": 0, "4": 0, "5": 0, "6": 0, "7": 0, "8": 0 },
      "f": { "0": 0, "1": 0 },
      "b": { "0": [0], "1": [0, 0], "2": [0, 0], "3": [0], "4": [0] }
    },
    "/home/ubuntu/repos/ahamo-dummy-demo2-frontend-workspace/src/tests/mocks/setup.ts": {
      "path": "/home/ubuntu/repos/ahamo-dummy-demo2-frontend-workspace/src/tests/mocks/setup.ts",
      "statementMap": {
        "0": { "start": { "line": 25, "column": 13 }, "end": { "line": 25, "column": 27 } },
        "1": { "start": { "line": 14, "column": 13 }, "end": { "line": 14, "column": 31 } },
        "2": { "start": { "line": 10, "column": 13 }, "end": { "line": 10, "column": 28 } },
        "3": { "start": { "line": 1, "column": 13 }, "end": { "line": 1, "column": 28 } },
        "4": { "start": { "line": 1, "column": 31 }, "end": { "line": 8, "column": null } },
        "5": { "start": { "line": 1, "column": 38 }, "end": { "line": 8, "column": null } },
        "6": { "start": { "line": 10, "column": 31 }, "end": { "line": 12, "column": null } },
        "7": { "start": { "line": 10, "column": 68 }, "end": { "line": 12, "column": null } },
        "8": { "start": { "line": 14, "column": 34 }, "end": { "line": 23, "column": null } },
        "9": { "start": { "line": 17, "column": 2 }, "end": { "line": 20, "column": null } },
        "10": { "start": { "line": 17, "column": 38 }, "end": { "line": 20, "column": null } },
        "11": { "start": { "line": 18, "column": 29 }, "end": { "line": 18, "column": null } },
        "12": { "start": { "line": 19, "column": 30 }, "end": { "line": 19, "column": null } },
        "13": { "start": { "line": 15, "column": 21 }, "end": { "line": 15, "column": null } },
        "14": { "start": { "line": 22, "column": 2 }, "end": { "line": 22, "column": null } },
        "15": { "start": { "line": 25, "column": 30 }, "end": { "line": 33, "column": null } },
        "16": { "start": { "line": 26, "column": 2 }, "end": { "line": 32, "column": null } },
        "17": { "start": { "line": 26, "column": 37 }, "end": { "line": 32, "column": null } }
      },
      "fnMap": {
        "0": {
          "name": "(anonymous_5)",
          "decl": { "start": { "line": 1, "column": 31 }, "end": { "line": 1, "column": 38 } },
          "loc": { "start": { "line": 1, "column": 38 }, "end": { "line": 8, "column": null } }
        },
        "1": {
          "name": "(anonymous_6)",
          "decl": { "start": { "line": 10, "column": 31 }, "end": { "line": 10, "column": 32 } },
          "loc": { "start": { "line": 10, "column": 68 }, "end": { "line": 12, "column": null } }
        },
        "2": {
          "name": "(anonymous_7)",
          "decl": { "start": { "line": 14, "column": 34 }, "end": { "line": 14, "column": null } },
          "loc": { "start": { "line": 14, "column": 34 }, "end": { "line": 23, "column": null } }
        },
        "3": {
          "name": "(anonymous_8)",
          "decl": { "start": { "line": 17, "column": 31 }, "end": { "line": 17, "column": 38 } },
          "loc": { "start": { "line": 17, "column": 38 }, "end": { "line": 20, "column": null } }
        },
        "4": {
          "name": "(anonymous_9)",
          "decl": { "start": { "line": 18, "column": 23 }, "end": { "line": 18, "column": 29 } },
          "loc": { "start": { "line": 18, "column": 29 }, "end": { "line": 18, "column": null } }
        },
        "5": {
          "name": "(anonymous_10)",
          "decl": { "start": { "line": 19, "column": 23 }, "end": { "line": 19, "column": 30 } },
          "loc": { "start": { "line": 19, "column": 30 }, "end": { "line": 19, "column": null } }
        },
        "6": {
          "name": "(anonymous_11)",
          "decl": { "start": { "line": 25, "column": 30 }, "end": { "line": 25, "column": null } },
          "loc": { "start": { "line": 25, "column": 30 }, "end": { "line": 33, "column": null } }
        },
        "7": {
          "name": "(anonymous_12)",
          "decl": { "start": { "line": 26, "column": 30 }, "end": { "line": 26, "column": 37 } },
          "loc": { "start": { "line": 26, "column": 37 }, "end": { "line": 32, "column": null } }
        }
      },
      "branchMap": {},
      "s": {
        "0": 0,
        "1": 0,
        "2": 0,
        "3": 0,
        "4": 0,
        "5": 0,
        "6": 0,
        "7": 0,
        "8": 0,
        "9": 0,
        "10": 0,
        "11": 0,
        "12": 0,
        "13": 0,
        "14": 0,
        "15": 0,
        "16": 0,
        "17": 0
      },
      "f": { "0": 0, "1": 0, "2": 0, "3": 0, "4": 0, "5": 0, "6": 0, "7": 0 },
      "b": {}
    }
  }
}
