{
  "numFailedTestSuites": 0,
  "numFailedTests": 0,
  "numPassedTestSuites": 39,
  "numPassedTests": 278,
  "numPendingTestSuites": 0,
  "numPendingTests": 0,
  "numRuntimeErrorTestSuites": 0,
  "numTodoTests": 0,
  "numTotalTestSuites": 39,
  "numTotalTests": 278,
  "openHandles": [],
  "snapshot": {
    "added": 0,
    "didUpdate": false,
    "failure": false,
    "filesAdded": 0,
    "filesRemoved": 0,
    "filesRemovedList": [],
    "filesUnmatched": 0,
    "filesUpdated": 0,
    "matched": 0,
    "total": 0,
    "unchecked": 0,
    "uncheckedKeysByFile": [],
    "unmatched": 0,
    "updated": 0
  },
  "startTime": 1754541648281,
  "success": true,
  "testResults": [
    {
      "assertionResults": [
        {
          "ancestorTitles": ["PriceSimulation"],
          "duration": 57,
          "failureDetails": [],
          "failureMessages": [],
          "fullName": "PriceSimulation renders simulation title and base information",
          "invocations": 1,
          "location": null,
          "numPassingAsserts": 4,
          "retryReasons": [],
          "status": "passed",
          "title": "renders simulation title and base information"
        },
        {
          "ancestorTitles": ["PriceSimulation"],
          "duration": 6,
          "failureDetails": [],
          "failureMessages": [],
          "fullName": "PriceSimulation calculates total price correctly with all options",
          "invocations": 1,
          "location": null,
          "numPassingAsserts": 1,
          "retryReasons": [],
          "status": "passed",
          "title": "calculates total price correctly with all options"
        },
        {
          "ancestorTitles": ["PriceSimulation"],
          "duration": 22,
          "failureDetails": [],
          "failureMessages": [],
          "fullName": "PriceSimulation calculates total price correctly with only data plan",
          "invocations": 1,
          "location": null,
          "numPassingAsserts": 1,
          "retryReasons": [],
          "status": "passed",
          "title": "calculates total price correctly with only data plan"
        },
        {
          "ancestorTitles": ["PriceSimulation"],
          "duration": 8,
          "failureDetails": [],
          "failureMessages": [],
          "fullName": "PriceSimulation shows selected plan details",
          "invocations": 1,
          "location": null,
          "numPassingAsserts": 4,
          "retryReasons": [],
          "status": "passed",
          "title": "shows selected plan details"
        },
        {
          "ancestorTitles": ["PriceSimulation"],
          "duration": 6,
          "failureDetails": [],
          "failureMessages": [],
          "fullName": "PriceSimulation handles null options gracefully",
          "invocations": 1,
          "location": null,
          "numPassingAsserts": 2,
          "retryReasons": [],
          "status": "passed",
          "title": "handles null options gracefully"
        },
        {
          "ancestorTitles": ["PriceSimulation"],
          "duration": 4,
          "failureDetails": [],
          "failureMessages": [],
          "fullName": "PriceSimulation applies custom className",
          "invocations": 1,
          "location": null,
          "numPassingAsserts": 1,
          "retryReasons": [],
          "status": "passed",
          "title": "applies custom className"
        },
        {
          "ancestorTitles": ["PriceSimulation"],
          "duration": 7,
          "failureDetails": [],
          "failureMessages": [],
          "fullName": "PriceSimulation shows universal service and relay service fees",
          "invocations": 1,
          "location": null,
          "numPassingAsserts": 4,
          "retryReasons": [],
          "status": "passed",
          "title": "shows universal service and relay service fees"
        },
        {
          "ancestorTitles": ["PriceSimulation"],
          "duration": 7,
          "failureDetails": [],
          "failureMessages": [],
          "fullName": "PriceSimulation does not show voice option when price is 0",
          "invocations": 1,
          "location": null,
          "numPassingAsserts": 1,
          "retryReasons": [],
          "status": "passed",
          "title": "does not show voice option when price is 0"
        },
        {
          "ancestorTitles": ["PriceSimulation"],
          "duration": 9,
          "failureDetails": [],
          "failureMessages": [],
          "fullName": "PriceSimulation shows voice option when price is greater than 0",
          "invocations": 1,
          "location": null,
          "numPassingAsserts": 2,
          "retryReasons": [],
          "status": "passed",
          "title": "shows voice option when price is greater than 0"
        },
        {
          "ancestorTitles": ["PriceSimulation"],
          "duration": 4,
          "failureDetails": [],
          "failureMessages": [],
          "fullName": "PriceSimulation does not show overseas calling option when price is 0",
          "invocations": 1,
          "location": null,
          "numPassingAsserts": 1,
          "retryReasons": [],
          "status": "passed",
          "title": "does not show overseas calling option when price is 0"
        },
        {
          "ancestorTitles": ["PriceSimulation"],
          "duration": 4,
          "failureDetails": [],
          "failureMessages": [],
          "fullName": "PriceSimulation shows overseas calling option when price is greater than 0",
          "invocations": 1,
          "location": null,
          "numPassingAsserts": 2,
          "retryReasons": [],
          "status": "passed",
          "title": "shows overseas calling option when price is greater than 0"
        },
        {
          "ancestorTitles": ["PriceSimulation"],
          "duration": 5,
          "failureDetails": [],
          "failureMessages": [],
          "fullName": "PriceSimulation handles missing options in data gracefully",
          "invocations": 1,
          "location": null,
          "numPassingAsserts": 1,
          "retryReasons": [],
          "status": "passed",
          "title": "handles missing options in data gracefully"
        },
        {
          "ancestorTitles": ["PriceSimulation"],
          "duration": 6,
          "failureDetails": [],
          "failureMessages": [],
          "fullName": "PriceSimulation formats prices with commas correctly",
          "invocations": 1,
          "location": null,
          "numPassingAsserts": 4,
          "retryReasons": [],
          "status": "passed",
          "title": "formats prices with commas correctly"
        }
      ],
      "endTime": 1754541649957,
      "message": "",
      "name": "/home/ubuntu/repos/ahamo-dummy-demo2-frontend-workspace/src/components/ui/__tests__/PriceSimulation.test.tsx",
      "startTime": 1754541649213,
      "status": "passed",
      "summary": ""
    },
    {
      "assertionResults": [
        {
          "ancestorTitles": ["SmartphoneListCard"],
          "duration": 51,
          "failureDetails": [],
          "failureMessages": [],
          "fullName": "SmartphoneListCard renders smartphone information correctly",
          "invocations": 1,
          "location": null,
          "numPassingAsserts": 3,
          "retryReasons": [],
          "status": "passed",
          "title": "renders smartphone information correctly"
        },
        {
          "ancestorTitles": ["SmartphoneListCard"],
          "duration": 7,
          "failureDetails": [],
          "failureMessages": [],
          "fullName": "SmartphoneListCard displays sale label when present",
          "invocations": 1,
          "location": null,
          "numPassingAsserts": 1,
          "retryReasons": [],
          "status": "passed",
          "title": "displays sale label when present"
        },
        {
          "ancestorTitles": ["SmartphoneListCard"],
          "duration": 14,
          "failureDetails": [],
          "failureMessages": [],
          "fullName": "SmartphoneListCard does not display sale label when not present",
          "invocations": 1,
          "location": null,
          "numPassingAsserts": 1,
          "retryReasons": [],
          "status": "passed",
          "title": "does not display sale label when not present"
        },
        {
          "ancestorTitles": ["SmartphoneListCard"],
          "duration": 54,
          "failureDetails": [],
          "failureMessages": [],
          "fullName": "SmartphoneListCard renders color options when available",
          "invocations": 1,
          "location": null,
          "numPassingAsserts": 1,
          "retryReasons": [],
          "status": "passed",
          "title": "renders color options when available"
        },
        {
          "ancestorTitles": ["SmartphoneListCard"],
          "duration": 26,
          "failureDetails": [],
          "failureMessages": [],
          "fullName": "SmartphoneListCard handles color selection",
          "invocations": 1,
          "location": null,
          "numPassingAsserts": 1,
          "retryReasons": [],
          "status": "passed",
          "title": "handles color selection"
        },
        {
          "ancestorTitles": ["SmartphoneListCard"],
          "duration": 9,
          "failureDetails": [],
          "failureMessages": [],
          "fullName": "SmartphoneListCard renders features list (limited to 2)",
          "invocations": 1,
          "location": null,
          "numPassingAsserts": 3,
          "retryReasons": [],
          "status": "passed",
          "title": "renders features list (limited to 2)"
        },
        {
          "ancestorTitles": ["SmartphoneListCard"],
          "duration": 4,
          "failureDetails": [],
          "failureMessages": [],
          "fullName": "SmartphoneListCard renders description when present",
          "invocations": 1,
          "location": null,
          "numPassingAsserts": 1,
          "retryReasons": [],
          "status": "passed",
          "title": "renders description when present"
        },
        {
          "ancestorTitles": ["SmartphoneListCard"],
          "duration": 4,
          "failureDetails": [],
          "failureMessages": [],
          "fullName": "SmartphoneListCard applies custom className",
          "invocations": 1,
          "location": null,
          "numPassingAsserts": 1,
          "retryReasons": [],
          "status": "passed",
          "title": "applies custom className"
        },
        {
          "ancestorTitles": ["SmartphoneListCard"],
          "duration": 22,
          "failureDetails": [],
          "failureMessages": [],
          "fullName": "SmartphoneListCard renders action button",
          "invocations": 1,
          "location": null,
          "numPassingAsserts": 2,
          "retryReasons": [],
          "status": "passed",
          "title": "renders action button"
        },
        {
          "ancestorTitles": ["SmartphoneListCard"],
          "duration": 12,
          "failureDetails": [],
          "failureMessages": [],
          "fullName": "SmartphoneListCard has proper accessibility attributes",
          "invocations": 1,
          "location": null,
          "numPassingAsserts": 2,
          "retryReasons": [],
          "status": "passed",
          "title": "has proper accessibility attributes"
        },
        {
          "ancestorTitles": ["SmartphoneListCard"],
          "duration": 5,
          "failureDetails": [],
          "failureMessages": [],
          "fullName": "SmartphoneListCard uses horizontal layout structure",
          "invocations": 1,
          "location": null,
          "numPassingAsserts": 2,
          "retryReasons": [],
          "status": "passed",
          "title": "uses horizontal layout structure"
        },
        {
          "ancestorTitles": ["SmartphoneListCard"],
          "duration": 15,
          "failureDetails": [],
          "failureMessages": [],
          "fullName": "SmartphoneListCard handles keyboard navigation for color selection",
          "invocations": 1,
          "location": null,
          "numPassingAsserts": 2,
          "retryReasons": [],
          "status": "passed",
          "title": "handles keyboard navigation for color selection"
        }
      ],
      "endTime": 1754541650064,
      "message": "",
      "name": "/home/ubuntu/repos/ahamo-dummy-demo2-frontend-workspace/src/components/ui/__tests__/SmartphoneListCard.test.tsx",
      "startTime": 1754541649199,
      "status": "passed",
      "summary": ""
    },
    {
      "assertionResults": [
        {
          "ancestorTitles": ["SmartphoneCarousel"],
          "duration": 60,
          "failureDetails": [],
          "failureMessages": [],
          "fullName": "SmartphoneCarousel renders smartphones from props correctly",
          "invocations": 1,
          "location": null,
          "numPassingAsserts": 2,
          "retryReasons": [],
          "status": "passed",
          "title": "renders smartphones from props correctly"
        },
        {
          "ancestorTitles": ["SmartphoneCarousel"],
          "duration": 22,
          "failureDetails": [],
          "failureMessages": [],
          "fullName": "SmartphoneCarousel renders smartphones from API when no props provided",
          "invocations": 1,
          "location": null,
          "numPassingAsserts": 1,
          "retryReasons": [],
          "status": "passed",
          "title": "renders smartphones from API when no props provided"
        },
        {
          "ancestorTitles": ["SmartphoneCarousel"],
          "duration": 3,
          "failureDetails": [],
          "failureMessages": [],
          "fullName": "SmartphoneCarousel displays loading state correctly",
          "invocations": 1,
          "location": null,
          "numPassingAsserts": 1,
          "retryReasons": [],
          "status": "passed",
          "title": "displays loading state correctly"
        },
        {
          "ancestorTitles": ["SmartphoneCarousel"],
          "duration": 2,
          "failureDetails": [],
          "failureMessages": [],
          "fullName": "SmartphoneCarousel displays error state correctly",
          "invocations": 1,
          "location": null,
          "numPassingAsserts": 2,
          "retryReasons": [],
          "status": "passed",
          "title": "displays error state correctly"
        },
        {
          "ancestorTitles": ["SmartphoneCarousel"],
          "duration": 4,
          "failureDetails": [],
          "failureMessages": [],
          "fullName": "SmartphoneCarousel displays empty state when no smartphones available",
          "invocations": 1,
          "location": null,
          "numPassingAsserts": 2,
          "retryReasons": [],
          "status": "passed",
          "title": "displays empty state when no smartphones available"
        },
        {
          "ancestorTitles": ["SmartphoneCarousel"],
          "duration": 21,
          "failureDetails": [],
          "failureMessages": [],
          "fullName": "SmartphoneCarousel handles next button navigation",
          "invocations": 1,
          "location": null,
          "numPassingAsserts": 1,
          "retryReasons": [],
          "status": "passed",
          "title": "handles next button navigation"
        },
        {
          "ancestorTitles": ["SmartphoneCarousel"],
          "duration": 13,
          "failureDetails": [],
          "failureMessages": [],
          "fullName": "SmartphoneCarousel handles previous button navigation",
          "invocations": 1,
          "location": null,
          "numPassingAsserts": 1,
          "retryReasons": [],
          "status": "passed",
          "title": "handles previous button navigation"
        },
        {
          "ancestorTitles": ["SmartphoneCarousel"],
          "duration": 83,
          "failureDetails": [],
          "failureMessages": [],
          "fullName": "SmartphoneCarousel handles dot indicator navigation",
          "invocations": 1,
          "location": null,
          "numPassingAsserts": 1,
          "retryReasons": [],
          "status": "passed",
          "title": "handles dot indicator navigation"
        },
        {
          "ancestorTitles": ["SmartphoneCarousel"],
          "duration": 16,
          "failureDetails": [],
          "failureMessages": [],
          "fullName": "SmartphoneCarousel handles auto-play toggle",
          "invocations": 1,
          "location": null,
          "numPassingAsserts": 1,
          "retryReasons": [],
          "status": "passed",
          "title": "handles auto-play toggle"
        },
        {
          "ancestorTitles": ["SmartphoneCarousel"],
          "duration": 6,
          "failureDetails": [],
          "failureMessages": [],
          "fullName": "SmartphoneCarousel displays auto-play button correctly",
          "invocations": 1,
          "location": null,
          "numPassingAsserts": 1,
          "retryReasons": [],
          "status": "passed",
          "title": "displays auto-play button correctly"
        },
        {
          "ancestorTitles": ["SmartphoneCarousel"],
          "duration": 17,
          "failureDetails": [],
          "failureMessages": [],
          "fullName": "SmartphoneCarousel displays smartphone details correctly",
          "invocations": 1,
          "location": null,
          "numPassingAsserts": 2,
          "retryReasons": [],
          "status": "passed",
          "title": "displays smartphone details correctly"
        }
      ],
      "endTime": 1754541650081,
      "message": "",
      "name": "/home/ubuntu/repos/ahamo-dummy-demo2-frontend-workspace/src/components/ui/__tests__/SmartphoneCarousel.test.tsx",
      "startTime": 1754541649203,
      "status": "passed",
      "summary": ""
    },
    {
      "assertionResults": [
        {
          "ancestorTitles": ["Comprehensive Error Scenario Logging Tests", "API Error Patterns"],
          "duration": 6,
          "failureDetails": [],
          "failureMessages": [],
          "fullName": "Comprehensive Error Scenario Logging Tests API Error Patterns Network connection failure",
          "invocations": 1,
          "location": null,
          "numPassingAsserts": 2,
          "retryReasons": [],
          "status": "passed",
          "title": "Network connection failure"
        },
        {
          "ancestorTitles": ["Comprehensive Error Scenario Logging Tests", "API Error Patterns"],
          "duration": 1,
          "failureDetails": [],
          "failureMessages": [],
          "fullName": "Comprehensive Error Scenario Logging Tests API Error Patterns HTTP 404 Not Found",
          "invocations": 1,
          "location": null,
          "numPassingAsserts": 1,
          "retryReasons": [],
          "status": "passed",
          "title": "HTTP 404 Not Found"
        },
        {
          "ancestorTitles": ["Comprehensive Error Scenario Logging Tests", "API Error Patterns"],
          "duration": 0,
          "failureDetails": [],
          "failureMessages": [],
          "fullName": "Comprehensive Error Scenario Logging Tests API Error Patterns HTTP 500 Internal Server Error",
          "invocations": 1,
          "location": null,
          "numPassingAsserts": 1,
          "retryReasons": [],
          "status": "passed",
          "title": "HTTP 500 Internal Server Error"
        },
        {
          "ancestorTitles": ["Comprehensive Error Scenario Logging Tests", "API Error Patterns"],
          "duration": 0,
          "failureDetails": [],
          "failureMessages": [],
          "fullName": "Comprehensive Error Scenario Logging Tests API Error Patterns HTTP 503 Service Unavailable",
          "invocations": 1,
          "location": null,
          "numPassingAsserts": 1,
          "retryReasons": [],
          "status": "passed",
          "title": "HTTP 503 Service Unavailable"
        },
        {
          "ancestorTitles": ["Comprehensive Error Scenario Logging Tests", "API Error Patterns"],
          "duration": 1,
          "failureDetails": [],
          "failureMessages": [],
          "fullName": "Comprehensive Error Scenario Logging Tests API Error Patterns Invalid JSON response",
          "invocations": 1,
          "location": null,
          "numPassingAsserts": 1,
          "retryReasons": [],
          "status": "passed",
          "title": "Invalid JSON response"
        },
        {
          "ancestorTitles": ["Comprehensive Error Scenario Logging Tests", "API Error Patterns"],
          "duration": 102,
          "failureDetails": [],
          "failureMessages": [],
          "fullName": "Comprehensive Error Scenario Logging Tests API Error Patterns Request timeout simulation",
          "invocations": 1,
          "location": null,
          "numPassingAsserts": 1,
          "retryReasons": [],
          "status": "passed",
          "title": "Request timeout simulation"
        },
        {
          "ancestorTitles": ["Comprehensive Error Scenario Logging Tests", "Form Error Patterns"],
          "duration": 117,
          "failureDetails": [],
          "failureMessages": [],
          "fullName": "Comprehensive Error Scenario Logging Tests Form Error Patterns Form validation errors",
          "invocations": 1,
          "location": null,
          "numPassingAsserts": 1,
          "retryReasons": [],
          "status": "passed",
          "title": "Form validation errors"
        },
        {
          "ancestorTitles": ["Comprehensive Error Scenario Logging Tests", "Form Error Patterns"],
          "duration": 31,
          "failureDetails": [],
          "failureMessages": [],
          "fullName": "Comprehensive Error Scenario Logging Tests Form Error Patterns Form submission network failure",
          "invocations": 1,
          "location": null,
          "numPassingAsserts": 1,
          "retryReasons": [],
          "status": "passed",
          "title": "Form submission network failure"
        },
        {
          "ancestorTitles": [
            "Comprehensive Error Scenario Logging Tests",
            "Storage Error Patterns"
          ],
          "duration": 3,
          "failureDetails": [],
          "failureMessages": [],
          "fullName": "Comprehensive Error Scenario Logging Tests Storage Error Patterns localStorage disabled/unavailable",
          "invocations": 1,
          "location": null,
          "numPassingAsserts": 1,
          "retryReasons": [],
          "status": "passed",
          "title": "localStorage disabled/unavailable"
        },
        {
          "ancestorTitles": [
            "Comprehensive Error Scenario Logging Tests",
            "Storage Error Patterns"
          ],
          "duration": 2,
          "failureDetails": [],
          "failureMessages": [],
          "fullName": "Comprehensive Error Scenario Logging Tests Storage Error Patterns localStorage quota exceeded",
          "invocations": 1,
          "location": null,
          "numPassingAsserts": 1,
          "retryReasons": [],
          "status": "passed",
          "title": "localStorage quota exceeded"
        },
        {
          "ancestorTitles": [
            "Comprehensive Error Scenario Logging Tests",
            "Storage Error Patterns"
          ],
          "duration": 2,
          "failureDetails": [],
          "failureMessages": [],
          "fullName": "Comprehensive Error Scenario Logging Tests Storage Error Patterns localStorage access permission denied",
          "invocations": 1,
          "location": null,
          "numPassingAsserts": 1,
          "retryReasons": [],
          "status": "passed",
          "title": "localStorage access permission denied"
        },
        {
          "ancestorTitles": [
            "Comprehensive Error Scenario Logging Tests",
            "Component Error Patterns"
          ],
          "duration": 2,
          "failureDetails": [],
          "failureMessages": [],
          "fullName": "Comprehensive Error Scenario Logging Tests Component Error Patterns ErrorMessage component with error logging",
          "invocations": 1,
          "location": null,
          "numPassingAsserts": 1,
          "retryReasons": [],
          "status": "passed",
          "title": "ErrorMessage component with error logging"
        },
        {
          "ancestorTitles": [
            "Comprehensive Error Scenario Logging Tests",
            "Component Error Patterns"
          ],
          "duration": 2,
          "failureDetails": [],
          "failureMessages": [],
          "fullName": "Comprehensive Error Scenario Logging Tests Component Error Patterns Component prop validation errors",
          "invocations": 1,
          "location": null,
          "numPassingAsserts": 0,
          "retryReasons": [],
          "status": "passed",
          "title": "Component prop validation errors"
        },
        {
          "ancestorTitles": [
            "Comprehensive Error Scenario Logging Tests",
            "Component Error Patterns"
          ],
          "duration": 23,
          "failureDetails": [],
          "failureMessages": [],
          "fullName": "Comprehensive Error Scenario Logging Tests Component Error Patterns Component rendering errors",
          "invocations": 1,
          "location": null,
          "numPassingAsserts": 0,
          "retryReasons": [],
          "status": "passed",
          "title": "Component rendering errors"
        },
        {
          "ancestorTitles": ["Comprehensive Error Scenario Logging Tests", "Hook Error Patterns"],
          "duration": 11,
          "failureDetails": [],
          "failureMessages": [],
          "fullName": "Comprehensive Error Scenario Logging Tests Hook Error Patterns useSmartphones hook with API failure",
          "invocations": 1,
          "location": null,
          "numPassingAsserts": 2,
          "retryReasons": [],
          "status": "passed",
          "title": "useSmartphones hook with API failure"
        },
        {
          "ancestorTitles": ["Comprehensive Error Scenario Logging Tests", "Hook Error Patterns"],
          "duration": 12,
          "failureDetails": [],
          "failureMessages": [],
          "fullName": "Comprehensive Error Scenario Logging Tests Hook Error Patterns useSmartphones hook with invalid data format",
          "invocations": 1,
          "location": null,
          "numPassingAsserts": 2,
          "retryReasons": [],
          "status": "passed",
          "title": "useSmartphones hook with invalid data format"
        },
        {
          "ancestorTitles": [
            "Comprehensive Error Scenario Logging Tests",
            "Logger Function Direct Tests"
          ],
          "duration": 0,
          "failureDetails": [],
          "failureMessages": [],
          "fullName": "Comprehensive Error Scenario Logging Tests Logger Function Direct Tests logError with Error object",
          "invocations": 1,
          "location": null,
          "numPassingAsserts": 1,
          "retryReasons": [],
          "status": "passed",
          "title": "logError with Error object"
        },
        {
          "ancestorTitles": [
            "Comprehensive Error Scenario Logging Tests",
            "Logger Function Direct Tests"
          ],
          "duration": 1,
          "failureDetails": [],
          "failureMessages": [],
          "fullName": "Comprehensive Error Scenario Logging Tests Logger Function Direct Tests logError with non-Error object",
          "invocations": 1,
          "location": null,
          "numPassingAsserts": 1,
          "retryReasons": [],
          "status": "passed",
          "title": "logError with non-Error object"
        },
        {
          "ancestorTitles": [
            "Comprehensive Error Scenario Logging Tests",
            "Logger Function Direct Tests"
          ],
          "duration": 0,
          "failureDetails": [],
          "failureMessages": [],
          "fullName": "Comprehensive Error Scenario Logging Tests Logger Function Direct Tests logWarn function",
          "invocations": 1,
          "location": null,
          "numPassingAsserts": 1,
          "retryReasons": [],
          "status": "passed",
          "title": "logWarn function"
        },
        {
          "ancestorTitles": [
            "Comprehensive Error Scenario Logging Tests",
            "Logger Function Direct Tests"
          ],
          "duration": 0,
          "failureDetails": [],
          "failureMessages": [],
          "fullName": "Comprehensive Error Scenario Logging Tests Logger Function Direct Tests logInfo function",
          "invocations": 1,
          "location": null,
          "numPassingAsserts": 1,
          "retryReasons": [],
          "status": "passed",
          "title": "logInfo function"
        },
        {
          "ancestorTitles": [
            "Comprehensive Error Scenario Logging Tests",
            "Logger Function Direct Tests"
          ],
          "duration": 1,
          "failureDetails": [],
          "failureMessages": [],
          "fullName": "Comprehensive Error Scenario Logging Tests Logger Function Direct Tests logDebug function in development",
          "invocations": 1,
          "location": null,
          "numPassingAsserts": 1,
          "retryReasons": [],
          "status": "passed",
          "title": "logDebug function in development"
        },
        {
          "ancestorTitles": [
            "Comprehensive Error Scenario Logging Tests",
            "Logger Function Direct Tests"
          ],
          "duration": 0,
          "failureDetails": [],
          "failureMessages": [],
          "fullName": "Comprehensive Error Scenario Logging Tests Logger Function Direct Tests logApiRequest function",
          "invocations": 1,
          "location": null,
          "numPassingAsserts": 1,
          "retryReasons": [],
          "status": "passed",
          "title": "logApiRequest function"
        },
        {
          "ancestorTitles": [
            "Comprehensive Error Scenario Logging Tests",
            "Logger Function Direct Tests"
          ],
          "duration": 1,
          "failureDetails": [],
          "failureMessages": [],
          "fullName": "Comprehensive Error Scenario Logging Tests Logger Function Direct Tests logApiResponse function",
          "invocations": 1,
          "location": null,
          "numPassingAsserts": 1,
          "retryReasons": [],
          "status": "passed",
          "title": "logApiResponse function"
        },
        {
          "ancestorTitles": [
            "Comprehensive Error Scenario Logging Tests",
            "Environment-specific Behavior"
          ],
          "duration": 0,
          "failureDetails": [],
          "failureMessages": [],
          "fullName": "Comprehensive Error Scenario Logging Tests Environment-specific Behavior Logs disabled in test environment",
          "invocations": 1,
          "location": null,
          "numPassingAsserts": 4,
          "retryReasons": [],
          "status": "passed",
          "title": "Logs disabled in test environment"
        },
        {
          "ancestorTitles": [
            "Comprehensive Error Scenario Logging Tests",
            "Environment-specific Behavior"
          ],
          "duration": 1,
          "failureDetails": [],
          "failureMessages": [],
          "fullName": "Comprehensive Error Scenario Logging Tests Environment-specific Behavior Debug logs only in development",
          "invocations": 1,
          "location": null,
          "numPassingAsserts": 2,
          "retryReasons": [],
          "status": "passed",
          "title": "Debug logs only in development"
        }
      ],
      "endTime": 1754541650222,
      "message": "",
      "name": "/home/ubuntu/repos/ahamo-dummy-demo2-frontend-workspace/src/__tests__/logging/comprehensive-error-scenarios.test.tsx",
      "startTime": 1754541649194,
      "status": "passed",
      "summary": ""
    },
    {
      "assertionResults": [
        {
          "ancestorTitles": ["DeviceDetailPage"],
          "duration": 89,
          "failureDetails": [],
          "failureMessages": [],
          "fullName": "DeviceDetailPage renders smartphone information correctly",
          "invocations": 1,
          "location": null,
          "numPassingAsserts": 2,
          "retryReasons": [],
          "status": "passed",
          "title": "renders smartphone information correctly"
        },
        {
          "ancestorTitles": ["DeviceDetailPage"],
          "duration": 48,
          "failureDetails": [],
          "failureMessages": [],
          "fullName": "DeviceDetailPage displays loading state",
          "invocations": 1,
          "location": null,
          "numPassingAsserts": 1,
          "retryReasons": [],
          "status": "passed",
          "title": "displays loading state"
        },
        {
          "ancestorTitles": ["DeviceDetailPage"],
          "duration": 5,
          "failureDetails": [],
          "failureMessages": [],
          "fullName": "DeviceDetailPage displays error state when smartphone not found",
          "invocations": 1,
          "location": null,
          "numPassingAsserts": 2,
          "retryReasons": [],
          "status": "passed",
          "title": "displays error state when smartphone not found"
        },
        {
          "ancestorTitles": ["DeviceDetailPage"],
          "duration": 52,
          "failureDetails": [],
          "failureMessages": [],
          "fullName": "DeviceDetailPage handles back button click",
          "invocations": 1,
          "location": null,
          "numPassingAsserts": 1,
          "retryReasons": [],
          "status": "passed",
          "title": "handles back button click"
        },
        {
          "ancestorTitles": ["DeviceDetailPage"],
          "duration": 89,
          "failureDetails": [],
          "failureMessages": [],
          "fullName": "DeviceDetailPage renders payment options section",
          "invocations": 1,
          "location": null,
          "numPassingAsserts": 3,
          "retryReasons": [],
          "status": "passed",
          "title": "renders payment options section"
        },
        {
          "ancestorTitles": ["DeviceDetailPage"],
          "duration": 17,
          "failureDetails": [],
          "failureMessages": [],
          "fullName": "DeviceDetailPage renders color selector when colors available",
          "invocations": 1,
          "location": null,
          "numPassingAsserts": 3,
          "retryReasons": [],
          "status": "passed",
          "title": "renders color selector when colors available"
        },
        {
          "ancestorTitles": ["DeviceDetailPage"],
          "duration": 22,
          "failureDetails": [],
          "failureMessages": [],
          "fullName": "DeviceDetailPage renders features section",
          "invocations": 1,
          "location": null,
          "numPassingAsserts": 5,
          "retryReasons": [],
          "status": "passed",
          "title": "renders features section"
        },
        {
          "ancestorTitles": ["DeviceDetailPage"],
          "duration": 21,
          "failureDetails": [],
          "failureMessages": [],
          "fullName": "DeviceDetailPage renders eSIM section",
          "invocations": 1,
          "location": null,
          "numPassingAsserts": 4,
          "retryReasons": [],
          "status": "passed",
          "title": "renders eSIM section"
        },
        {
          "ancestorTitles": ["DeviceDetailPage"],
          "duration": 16,
          "failureDetails": [],
          "failureMessages": [],
          "fullName": "DeviceDetailPage renders trade-in section",
          "invocations": 1,
          "location": null,
          "numPassingAsserts": 3,
          "retryReasons": [],
          "status": "passed",
          "title": "renders trade-in section"
        },
        {
          "ancestorTitles": ["DeviceDetailPage"],
          "duration": 17,
          "failureDetails": [],
          "failureMessages": [],
          "fullName": "DeviceDetailPage renders accessory grid",
          "invocations": 1,
          "location": null,
          "numPassingAsserts": 5,
          "retryReasons": [],
          "status": "passed",
          "title": "renders accessory grid"
        },
        {
          "ancestorTitles": ["DeviceDetailPage"],
          "duration": 14,
          "failureDetails": [],
          "failureMessages": [],
          "fullName": "DeviceDetailPage renders apply button",
          "invocations": 1,
          "location": null,
          "numPassingAsserts": 1,
          "retryReasons": [],
          "status": "passed",
          "title": "renders apply button"
        },
        {
          "ancestorTitles": ["DeviceDetailPage"],
          "duration": 14,
          "failureDetails": [],
          "failureMessages": [],
          "fullName": "DeviceDetailPage handles device ID from URL slug",
          "invocations": 1,
          "location": null,
          "numPassingAsserts": 1,
          "retryReasons": [],
          "status": "passed",
          "title": "handles device ID from URL slug"
        },
        {
          "ancestorTitles": ["DeviceDetailPage"],
          "duration": 11,
          "failureDetails": [],
          "failureMessages": [],
          "fullName": "DeviceDetailPage handles direct device ID",
          "invocations": 1,
          "location": null,
          "numPassingAsserts": 1,
          "retryReasons": [],
          "status": "passed",
          "title": "handles direct device ID"
        }
      ],
      "endTime": 1754541650264,
      "message": "",
      "name": "/home/ubuntu/repos/ahamo-dummy-demo2-frontend-workspace/src/components/__tests__/DeviceDetailPage.test.tsx",
      "startTime": 1754541649226,
      "status": "passed",
      "summary": ""
    },
    {
      "assertionResults": [
        {
          "ancestorTitles": ["OptionSelector"],
          "duration": 13,
          "failureDetails": [],
          "failureMessages": [],
          "fullName": "OptionSelector renders title and options correctly",
          "invocations": 1,
          "location": null,
          "numPassingAsserts": 5,
          "retryReasons": [],
          "status": "passed",
          "title": "renders title and options correctly"
        },
        {
          "ancestorTitles": ["OptionSelector"],
          "duration": 62,
          "failureDetails": [],
          "failureMessages": [],
          "fullName": "OptionSelector highlights selected option",
          "invocations": 1,
          "location": null,
          "numPassingAsserts": 2,
          "retryReasons": [],
          "status": "passed",
          "title": "highlights selected option"
        },
        {
          "ancestorTitles": ["OptionSelector"],
          "duration": 18,
          "failureDetails": [],
          "failureMessages": [],
          "fullName": "OptionSelector calls onOptionSelect when option is clicked",
          "invocations": 1,
          "location": null,
          "numPassingAsserts": 1,
          "retryReasons": [],
          "status": "passed",
          "title": "calls onOptionSelect when option is clicked"
        },
        {
          "ancestorTitles": ["OptionSelector"],
          "duration": 3,
          "failureDetails": [],
          "failureMessages": [],
          "fullName": "OptionSelector applies custom className",
          "invocations": 1,
          "location": null,
          "numPassingAsserts": 1,
          "retryReasons": [],
          "status": "passed",
          "title": "applies custom className"
        },
        {
          "ancestorTitles": ["OptionSelector"],
          "duration": 5,
          "failureDetails": [],
          "failureMessages": [],
          "fullName": "OptionSelector renders empty state when no options provided",
          "invocations": 1,
          "location": null,
          "numPassingAsserts": 2,
          "retryReasons": [],
          "status": "passed",
          "title": "renders empty state when no options provided"
        },
        {
          "ancestorTitles": ["OptionSelector"],
          "duration": 42,
          "failureDetails": [],
          "failureMessages": [],
          "fullName": "OptionSelector shows no selection when selectedOption is null",
          "invocations": 1,
          "location": null,
          "numPassingAsserts": 2,
          "retryReasons": [],
          "status": "passed",
          "title": "shows no selection when selectedOption is null"
        },
        {
          "ancestorTitles": ["OptionSelector"],
          "duration": 3,
          "failureDetails": [],
          "failureMessages": [],
          "fullName": "OptionSelector renders options without displaying price information",
          "invocations": 1,
          "location": null,
          "numPassingAsserts": 4,
          "retryReasons": [],
          "status": "passed",
          "title": "renders options without displaying price information"
        },
        {
          "ancestorTitles": ["OptionSelector"],
          "duration": 2,
          "failureDetails": [],
          "failureMessages": [],
          "fullName": "OptionSelector renders SelectionStep with correct title",
          "invocations": 1,
          "location": null,
          "numPassingAsserts": 1,
          "retryReasons": [],
          "status": "passed",
          "title": "renders SelectionStep with correct title"
        },
        {
          "ancestorTitles": ["OptionSelector"],
          "duration": 12,
          "failureDetails": [],
          "failureMessages": [],
          "fullName": "OptionSelector handles click events correctly",
          "invocations": 1,
          "location": null,
          "numPassingAsserts": 1,
          "retryReasons": [],
          "status": "passed",
          "title": "handles click events correctly"
        }
      ],
      "endTime": 1754541650277,
      "message": "",
      "name": "/home/ubuntu/repos/ahamo-dummy-demo2-frontend-workspace/src/components/forms/__tests__/OptionSelector.test.tsx",
      "startTime": 1754541649978,
      "status": "passed",
      "summary": ""
    },
    {
      "assertionResults": [
        {
          "ancestorTitles": ["DocumentCard コンポーネント"],
          "duration": 6,
          "failureDetails": [],
          "failureMessages": [],
          "fullName": "DocumentCard コンポーネント 正しくレンダリングされる",
          "invocations": 1,
          "location": null,
          "numPassingAsserts": 3,
          "retryReasons": [],
          "status": "passed",
          "title": "正しくレンダリングされる"
        },
        {
          "ancestorTitles": ["DocumentCard コンポーネント"],
          "duration": 8,
          "failureDetails": [],
          "failureMessages": [],
          "fullName": "DocumentCard コンポーネント blueバリアントが正しく適用される",
          "invocations": 1,
          "location": null,
          "numPassingAsserts": 3,
          "retryReasons": [],
          "status": "passed",
          "title": "blueバリアントが正しく適用される"
        },
        {
          "ancestorTitles": ["DocumentCard コンポーネント"],
          "duration": 3,
          "failureDetails": [],
          "failureMessages": [],
          "fullName": "DocumentCard コンポーネント greenバリアントが正しく適用される",
          "invocations": 1,
          "location": null,
          "numPassingAsserts": 3,
          "retryReasons": [],
          "status": "passed",
          "title": "greenバリアントが正しく適用される"
        },
        {
          "ancestorTitles": ["DocumentCard コンポーネント"],
          "duration": 2,
          "failureDetails": [],
          "failureMessages": [],
          "fullName": "DocumentCard コンポーネント orangeバリアントが正しく適用される",
          "invocations": 1,
          "location": null,
          "numPassingAsserts": 3,
          "retryReasons": [],
          "status": "passed",
          "title": "orangeバリアントが正しく適用される"
        },
        {
          "ancestorTitles": ["DocumentCard コンポーネント"],
          "duration": 1,
          "failureDetails": [],
          "failureMessages": [],
          "fullName": "DocumentCard コンポーネント カスタムclassNameが正しく適用される",
          "invocations": 1,
          "location": null,
          "numPassingAsserts": 1,
          "retryReasons": [],
          "status": "passed",
          "title": "カスタムclassNameが正しく適用される"
        },
        {
          "ancestorTitles": ["DocumentCard コンポーネント"],
          "duration": 2,
          "failureDetails": [],
          "failureMessages": [],
          "fullName": "DocumentCard コンポーネント タイトルとサブタイトルが中央揃えで表示される",
          "invocations": 1,
          "location": null,
          "numPassingAsserts": 2,
          "retryReasons": [],
          "status": "passed",
          "title": "タイトルとサブタイトルが中央揃えで表示される"
        },
        {
          "ancestorTitles": ["DocumentCard コンポーネント"],
          "duration": 2,
          "failureDetails": [],
          "failureMessages": [],
          "fullName": "DocumentCard コンポーネント 書類名がアイコンエリアとキャプションの両方に表示される",
          "invocations": 1,
          "location": null,
          "numPassingAsserts": 3,
          "retryReasons": [],
          "status": "passed",
          "title": "書類名がアイコンエリアとキャプションの両方に表示される"
        },
        {
          "ancestorTitles": ["DocumentCard コンポーネント"],
          "duration": 5,
          "failureDetails": [],
          "failureMessages": [],
          "fullName": "DocumentCard コンポーネント アイコンエリアが正しいサイズで表示される",
          "invocations": 1,
          "location": null,
          "numPassingAsserts": 2,
          "retryReasons": [],
          "status": "passed",
          "title": "アイコンエリアが正しいサイズで表示される"
        }
      ],
      "endTime": 1754541650284,
      "message": "",
      "name": "/home/ubuntu/repos/ahamo-dummy-demo2-frontend-workspace/src/components/ui/__tests__/DocumentCard.test.tsx",
      "startTime": 1754541650114,
      "status": "passed",
      "summary": ""
    },
    {
      "assertionResults": [
        {
          "ancestorTitles": ["SmartphoneCard"],
          "duration": 11,
          "failureDetails": [],
          "failureMessages": [],
          "fullName": "SmartphoneCard renders smartphone information correctly",
          "invocations": 1,
          "location": null,
          "numPassingAsserts": 3,
          "retryReasons": [],
          "status": "passed",
          "title": "renders smartphone information correctly"
        },
        {
          "ancestorTitles": ["SmartphoneCard"],
          "duration": 9,
          "failureDetails": [],
          "failureMessages": [],
          "fullName": "SmartphoneCard displays sale label when present",
          "invocations": 1,
          "location": null,
          "numPassingAsserts": 1,
          "retryReasons": [],
          "status": "passed",
          "title": "displays sale label when present"
        },
        {
          "ancestorTitles": ["SmartphoneCard"],
          "duration": 5,
          "failureDetails": [],
          "failureMessages": [],
          "fullName": "SmartphoneCard does not display sale label when not present",
          "invocations": 1,
          "location": null,
          "numPassingAsserts": 1,
          "retryReasons": [],
          "status": "passed",
          "title": "does not display sale label when not present"
        },
        {
          "ancestorTitles": ["SmartphoneCard"],
          "duration": 4,
          "failureDetails": [],
          "failureMessages": [],
          "fullName": "SmartphoneCard displays 5G badge when has5G is true",
          "invocations": 1,
          "location": null,
          "numPassingAsserts": 1,
          "retryReasons": [],
          "status": "passed",
          "title": "displays 5G badge when has5G is true"
        },
        {
          "ancestorTitles": ["SmartphoneCard"],
          "duration": 3,
          "failureDetails": [],
          "failureMessages": [],
          "fullName": "SmartphoneCard does not display 5G badge when has5G is false",
          "invocations": 1,
          "location": null,
          "numPassingAsserts": 1,
          "retryReasons": [],
          "status": "passed",
          "title": "does not display 5G badge when has5G is false"
        },
        {
          "ancestorTitles": ["SmartphoneCard"],
          "duration": 33,
          "failureDetails": [],
          "failureMessages": [],
          "fullName": "SmartphoneCard renders color options when available",
          "invocations": 1,
          "location": null,
          "numPassingAsserts": 1,
          "retryReasons": [],
          "status": "passed",
          "title": "renders color options when available"
        },
        {
          "ancestorTitles": ["SmartphoneCard"],
          "duration": 18,
          "failureDetails": [],
          "failureMessages": [],
          "fullName": "SmartphoneCard handles color selection",
          "invocations": 1,
          "location": null,
          "numPassingAsserts": 1,
          "retryReasons": [],
          "status": "passed",
          "title": "handles color selection"
        },
        {
          "ancestorTitles": ["SmartphoneCard"],
          "duration": 19,
          "failureDetails": [],
          "failureMessages": [],
          "fullName": "SmartphoneCard renders features list",
          "invocations": 1,
          "location": null,
          "numPassingAsserts": 2,
          "retryReasons": [],
          "status": "passed",
          "title": "renders features list"
        },
        {
          "ancestorTitles": ["SmartphoneCard"],
          "duration": 9,
          "failureDetails": [],
          "failureMessages": [],
          "fullName": "SmartphoneCard renders description when present",
          "invocations": 1,
          "location": null,
          "numPassingAsserts": 1,
          "retryReasons": [],
          "status": "passed",
          "title": "renders description when present"
        },
        {
          "ancestorTitles": ["SmartphoneCard"],
          "duration": 3,
          "failureDetails": [],
          "failureMessages": [],
          "fullName": "SmartphoneCard applies custom className",
          "invocations": 1,
          "location": null,
          "numPassingAsserts": 1,
          "retryReasons": [],
          "status": "passed",
          "title": "applies custom className"
        },
        {
          "ancestorTitles": ["SmartphoneCard"],
          "duration": 12,
          "failureDetails": [],
          "failureMessages": [],
          "fullName": "SmartphoneCard renders action button",
          "invocations": 1,
          "location": null,
          "numPassingAsserts": 2,
          "retryReasons": [],
          "status": "passed",
          "title": "renders action button"
        },
        {
          "ancestorTitles": ["SmartphoneCard"],
          "duration": 13,
          "failureDetails": [],
          "failureMessages": [],
          "fullName": "SmartphoneCard has proper accessibility attributes",
          "invocations": 1,
          "location": null,
          "numPassingAsserts": 2,
          "retryReasons": [],
          "status": "passed",
          "title": "has proper accessibility attributes"
        }
      ],
      "endTime": 1754541650398,
      "message": "",
      "name": "/home/ubuntu/repos/ahamo-dummy-demo2-frontend-workspace/src/components/ui/__tests__/SmartphoneCard.test.tsx",
      "startTime": 1754541650122,
      "status": "passed",
      "summary": ""
    },
    {
      "assertionResults": [
        {
          "ancestorTitles": ["InfoCard コンポーネント"],
          "duration": 4,
          "failureDetails": [],
          "failureMessages": [],
          "fullName": "InfoCard コンポーネント 正しくレンダリングされる",
          "invocations": 1,
          "location": null,
          "numPassingAsserts": 2,
          "retryReasons": [],
          "status": "passed",
          "title": "正しくレンダリングされる"
        },
        {
          "ancestorTitles": ["InfoCard コンポーネント"],
          "duration": 12,
          "failureDetails": [],
          "failureMessages": [],
          "fullName": "InfoCard コンポーネント blueバリアントが正しく適用される",
          "invocations": 1,
          "location": null,
          "numPassingAsserts": 2,
          "retryReasons": [],
          "status": "passed",
          "title": "blueバリアントが正しく適用される"
        },
        {
          "ancestorTitles": ["InfoCard コンポーネント"],
          "duration": 2,
          "failureDetails": [],
          "failureMessages": [],
          "fullName": "InfoCard コンポーネント greenバリアントが正しく適用される",
          "invocations": 1,
          "location": null,
          "numPassingAsserts": 2,
          "retryReasons": [],
          "status": "passed",
          "title": "greenバリアントが正しく適用される"
        },
        {
          "ancestorTitles": ["InfoCard コンポーネント"],
          "duration": 1,
          "failureDetails": [],
          "failureMessages": [],
          "fullName": "InfoCard コンポーネント purpleバリアントが正しく適用される",
          "invocations": 1,
          "location": null,
          "numPassingAsserts": 2,
          "retryReasons": [],
          "status": "passed",
          "title": "purpleバリアントが正しく適用される"
        },
        {
          "ancestorTitles": ["InfoCard コンポーネント"],
          "duration": 2,
          "failureDetails": [],
          "failureMessages": [],
          "fullName": "InfoCard コンポーネント amberバリアントが正しく適用される",
          "invocations": 1,
          "location": null,
          "numPassingAsserts": 2,
          "retryReasons": [],
          "status": "passed",
          "title": "amberバリアントが正しく適用される"
        },
        {
          "ancestorTitles": ["InfoCard コンポーネント"],
          "duration": 1,
          "failureDetails": [],
          "failureMessages": [],
          "fullName": "InfoCard コンポーネント カスタムclassNameが正しく適用される",
          "invocations": 1,
          "location": null,
          "numPassingAsserts": 1,
          "retryReasons": [],
          "status": "passed",
          "title": "カスタムclassNameが正しく適用される"
        },
        {
          "ancestorTitles": ["InfoCard コンポーネント"],
          "duration": 21,
          "failureDetails": [],
          "failureMessages": [],
          "fullName": "InfoCard コンポーネント 複雑な子要素が正しくレンダリングされる",
          "invocations": 1,
          "location": null,
          "numPassingAsserts": 4,
          "retryReasons": [],
          "status": "passed",
          "title": "複雑な子要素が正しくレンダリングされる"
        }
      ],
      "endTime": 1754541650455,
      "message": "",
      "name": "/home/ubuntu/repos/ahamo-dummy-demo2-frontend-workspace/src/components/ui/__tests__/InfoCard.test.tsx",
      "startTime": 1754541650287,
      "status": "passed",
      "summary": ""
    },
    {
      "assertionResults": [
        {
          "ancestorTitles": ["ErrorMessage"],
          "duration": 25,
          "failureDetails": [],
          "failureMessages": [],
          "fullName": "ErrorMessage renders error message correctly",
          "invocations": 1,
          "location": null,
          "numPassingAsserts": 2,
          "retryReasons": [],
          "status": "passed",
          "title": "renders error message correctly"
        },
        {
          "ancestorTitles": ["ErrorMessage"],
          "duration": 2,
          "failureDetails": [],
          "failureMessages": [],
          "fullName": "ErrorMessage applies default background gradient",
          "invocations": 1,
          "location": null,
          "numPassingAsserts": 1,
          "retryReasons": [],
          "status": "passed",
          "title": "applies default background gradient"
        },
        {
          "ancestorTitles": ["ErrorMessage"],
          "duration": 2,
          "failureDetails": [],
          "failureMessages": [],
          "fullName": "ErrorMessage applies custom background gradient",
          "invocations": 1,
          "location": null,
          "numPassingAsserts": 1,
          "retryReasons": [],
          "status": "passed",
          "title": "applies custom background gradient"
        },
        {
          "ancestorTitles": ["ErrorMessage"],
          "duration": 1,
          "failureDetails": [],
          "failureMessages": [],
          "fullName": "ErrorMessage applies custom className",
          "invocations": 1,
          "location": null,
          "numPassingAsserts": 1,
          "retryReasons": [],
          "status": "passed",
          "title": "applies custom className"
        },
        {
          "ancestorTitles": ["ErrorMessage"],
          "duration": 9,
          "failureDetails": [],
          "failureMessages": [],
          "fullName": "ErrorMessage has proper accessibility attributes",
          "invocations": 1,
          "location": null,
          "numPassingAsserts": 2,
          "retryReasons": [],
          "status": "passed",
          "title": "has proper accessibility attributes"
        },
        {
          "ancestorTitles": ["ErrorMessage"],
          "duration": 2,
          "failureDetails": [],
          "failureMessages": [],
          "fullName": "ErrorMessage displays error text in red color",
          "invocations": 1,
          "location": null,
          "numPassingAsserts": 1,
          "retryReasons": [],
          "status": "passed",
          "title": "displays error text in red color"
        },
        {
          "ancestorTitles": ["ErrorMessage"],
          "duration": 5,
          "failureDetails": [],
          "failureMessages": [],
          "fullName": "ErrorMessage renders within SectionContainer",
          "invocations": 1,
          "location": null,
          "numPassingAsserts": 1,
          "retryReasons": [],
          "status": "passed",
          "title": "renders within SectionContainer"
        },
        {
          "ancestorTitles": ["ErrorMessage"],
          "duration": 1,
          "failureDetails": [],
          "failureMessages": [],
          "fullName": "ErrorMessage has full screen layout",
          "invocations": 1,
          "location": null,
          "numPassingAsserts": 1,
          "retryReasons": [],
          "status": "passed",
          "title": "has full screen layout"
        },
        {
          "ancestorTitles": ["ErrorMessage"],
          "duration": 5,
          "failureDetails": [],
          "failureMessages": [],
          "fullName": "ErrorMessage centers content properly",
          "invocations": 1,
          "location": null,
          "numPassingAsserts": 2,
          "retryReasons": [],
          "status": "passed",
          "title": "centers content properly"
        },
        {
          "ancestorTitles": ["ErrorMessage"],
          "duration": 2,
          "failureDetails": [],
          "failureMessages": [],
          "fullName": "ErrorMessage handles long error messages",
          "invocations": 1,
          "location": null,
          "numPassingAsserts": 1,
          "retryReasons": [],
          "status": "passed",
          "title": "handles long error messages"
        },
        {
          "ancestorTitles": ["ErrorMessage"],
          "duration": 1,
          "failureDetails": [],
          "failureMessages": [],
          "fullName": "ErrorMessage handles empty error message",
          "invocations": 1,
          "location": null,
          "numPassingAsserts": 1,
          "retryReasons": [],
          "status": "passed",
          "title": "handles empty error message"
        }
      ],
      "endTime": 1754541650478,
      "message": "",
      "name": "/home/ubuntu/repos/ahamo-dummy-demo2-frontend-workspace/src/components/ui/__tests__/ErrorMessage.test.tsx",
      "startTime": 1754541650292,
      "status": "passed",
      "summary": ""
    },
    {
      "assertionResults": [
        {
          "ancestorTitles": ["CampaignCarousel コンポーネント"],
          "duration": 56,
          "failureDetails": [],
          "failureMessages": [],
          "fullName": "CampaignCarousel コンポーネント 正しくレンダリングされる",
          "invocations": 1,
          "location": null,
          "numPassingAsserts": 3,
          "retryReasons": [],
          "status": "passed",
          "title": "正しくレンダリングされる"
        },
        {
          "ancestorTitles": ["CampaignCarousel コンポーネント"],
          "duration": 84,
          "failureDetails": [],
          "failureMessages": [],
          "fullName": "CampaignCarousel コンポーネント ナビゲーションボタンが表示される",
          "invocations": 1,
          "location": null,
          "numPassingAsserts": 2,
          "retryReasons": [],
          "status": "passed",
          "title": "ナビゲーションボタンが表示される"
        },
        {
          "ancestorTitles": ["CampaignCarousel コンポーネント"],
          "duration": 82,
          "failureDetails": [],
          "failureMessages": [],
          "fullName": "CampaignCarousel コンポーネント 次へボタンをクリックすると次のスライドに移動する",
          "invocations": 1,
          "location": null,
          "numPassingAsserts": 1,
          "retryReasons": [],
          "status": "passed",
          "title": "次へボタンをクリックすると次のスライドに移動する"
        },
        {
          "ancestorTitles": ["CampaignCarousel コンポーネント"],
          "duration": 54,
          "failureDetails": [],
          "failureMessages": [],
          "fullName": "CampaignCarousel コンポーネント 前へボタンをクリックすると前のスライドに移動する",
          "invocations": 1,
          "location": null,
          "numPassingAsserts": 1,
          "retryReasons": [],
          "status": "passed",
          "title": "前へボタンをクリックすると前のスライドに移動する"
        },
        {
          "ancestorTitles": ["CampaignCarousel コンポーネント"],
          "duration": 55,
          "failureDetails": [],
          "failureMessages": [],
          "fullName": "CampaignCarousel コンポーネント ドットインジケーターが正しい数表示される",
          "invocations": 1,
          "location": null,
          "numPassingAsserts": 1,
          "retryReasons": [],
          "status": "passed",
          "title": "ドットインジケーターが正しい数表示される"
        },
        {
          "ancestorTitles": ["CampaignCarousel コンポーネント"],
          "duration": 44,
          "failureDetails": [],
          "failureMessages": [],
          "fullName": "CampaignCarousel コンポーネント ドットをクリックすると対応するスライドに移動する",
          "invocations": 1,
          "location": null,
          "numPassingAsserts": 1,
          "retryReasons": [],
          "status": "passed",
          "title": "ドットをクリックすると対応するスライドに移動する"
        },
        {
          "ancestorTitles": ["CampaignCarousel コンポーネント"],
          "duration": 7,
          "failureDetails": [],
          "failureMessages": [],
          "fullName": "CampaignCarousel コンポーネント 自動再生トグルボタンが表示される",
          "invocations": 1,
          "location": null,
          "numPassingAsserts": 1,
          "retryReasons": [],
          "status": "passed",
          "title": "自動再生トグルボタンが表示される"
        },
        {
          "ancestorTitles": ["CampaignCarousel コンポーネント"],
          "duration": 18,
          "failureDetails": [],
          "failureMessages": [],
          "fullName": "CampaignCarousel コンポーネント 自動再生トグルボタンをクリックすると状態が変わる",
          "invocations": 1,
          "location": null,
          "numPassingAsserts": 1,
          "retryReasons": [],
          "status": "passed",
          "title": "自動再生トグルボタンをクリックすると状態が変わる"
        },
        {
          "ancestorTitles": ["CampaignCarousel コンポーネント"],
          "duration": 12,
          "failureDetails": [],
          "failureMessages": [],
          "fullName": "CampaignCarousel コンポーネント 自動再生が有効な場合、時間経過でスライドが変わる",
          "invocations": 1,
          "location": null,
          "numPassingAsserts": 2,
          "retryReasons": [],
          "status": "passed",
          "title": "自動再生が有効な場合、時間経過でスライドが変わる"
        },
        {
          "ancestorTitles": ["CampaignCarousel コンポーネント"],
          "duration": 55,
          "failureDetails": [],
          "failureMessages": [],
          "fullName": "CampaignCarousel コンポーネント 手動操作後は自動再生が一時停止される",
          "invocations": 1,
          "location": null,
          "numPassingAsserts": 3,
          "retryReasons": [],
          "status": "passed",
          "title": "手動操作後は自動再生が一時停止される"
        },
        {
          "ancestorTitles": ["CampaignCarousel コンポーネント"],
          "duration": 69,
          "failureDetails": [],
          "failureMessages": [],
          "fullName": "CampaignCarousel コンポーネント 最後のスライドから次へ移動すると最初のスライドに戻る",
          "invocations": 1,
          "location": null,
          "numPassingAsserts": 2,
          "retryReasons": [],
          "status": "passed",
          "title": "最後のスライドから次へ移動すると最初のスライドに戻る"
        },
        {
          "ancestorTitles": ["CampaignCarousel コンポーネント"],
          "duration": 42,
          "failureDetails": [],
          "failureMessages": [],
          "fullName": "CampaignCarousel コンポーネント 最初のスライドから前へ移動すると最後のスライドに移動する",
          "invocations": 1,
          "location": null,
          "numPassingAsserts": 2,
          "retryReasons": [],
          "status": "passed",
          "title": "最初のスライドから前へ移動すると最後のスライドに移動する"
        }
      ],
      "endTime": 1754541650507,
      "message": "",
      "name": "/home/ubuntu/repos/ahamo-dummy-demo2-frontend-workspace/src/components/ui/__tests__/CampaignCarousel.test.tsx",
      "startTime": 1754541649231,
      "status": "passed",
      "summary": ""
    },
    {
      "assertionResults": [
        {
          "ancestorTitles": ["AccessoryGrid"],
          "duration": 19,
          "failureDetails": [],
          "failureMessages": [],
          "fullName": "AccessoryGrid renders default accessories correctly",
          "invocations": 1,
          "location": null,
          "numPassingAsserts": 9,
          "retryReasons": [],
          "status": "passed",
          "title": "renders default accessories correctly"
        },
        {
          "ancestorTitles": ["AccessoryGrid"],
          "duration": 4,
          "failureDetails": [],
          "failureMessages": [],
          "fullName": "AccessoryGrid renders custom accessories when provided",
          "invocations": 1,
          "location": null,
          "numPassingAsserts": 7,
          "retryReasons": [],
          "status": "passed",
          "title": "renders custom accessories when provided"
        },
        {
          "ancestorTitles": ["AccessoryGrid"],
          "duration": 5,
          "failureDetails": [],
          "failureMessages": [],
          "fullName": "AccessoryGrid renders emoji icons correctly",
          "invocations": 1,
          "location": null,
          "numPassingAsserts": 4,
          "retryReasons": [],
          "status": "passed",
          "title": "renders emoji icons correctly"
        },
        {
          "ancestorTitles": ["AccessoryGrid"],
          "duration": 4,
          "failureDetails": [],
          "failureMessages": [],
          "fullName": "AccessoryGrid applies custom className",
          "invocations": 1,
          "location": null,
          "numPassingAsserts": 1,
          "retryReasons": [],
          "status": "passed",
          "title": "applies custom className"
        },
        {
          "ancestorTitles": ["AccessoryGrid"],
          "duration": 4,
          "failureDetails": [],
          "failureMessages": [],
          "fullName": "AccessoryGrid has proper grid layout structure",
          "invocations": 1,
          "location": null,
          "numPassingAsserts": 1,
          "retryReasons": [],
          "status": "passed",
          "title": "has proper grid layout structure"
        },
        {
          "ancestorTitles": ["AccessoryGrid"],
          "duration": 3,
          "failureDetails": [],
          "failureMessages": [],
          "fullName": "AccessoryGrid has hover effects on accessory cards",
          "invocations": 1,
          "location": null,
          "numPassingAsserts": 1,
          "retryReasons": [],
          "status": "passed",
          "title": "has hover effects on accessory cards"
        },
        {
          "ancestorTitles": ["AccessoryGrid"],
          "duration": 2,
          "failureDetails": [],
          "failureMessages": [],
          "fullName": "AccessoryGrid renders empty grid when empty accessories array provided",
          "invocations": 1,
          "location": null,
          "numPassingAsserts": 2,
          "retryReasons": [],
          "status": "passed",
          "title": "renders empty grid when empty accessories array provided"
        }
      ],
      "endTime": 1754541650558,
      "message": "",
      "name": "/home/ubuntu/repos/ahamo-dummy-demo2-frontend-workspace/src/components/ui/__tests__/AccessoryGrid.test.tsx",
      "startTime": 1754541650407,
      "status": "passed",
      "summary": ""
    },
    {
      "assertionResults": [
        {
          "ancestorTitles": ["Header"],
          "duration": 37,
          "failureDetails": [],
          "failureMessages": [],
          "fullName": "Header renders header elements correctly",
          "invocations": 1,
          "location": null,
          "numPassingAsserts": 6,
          "retryReasons": [],
          "status": "passed",
          "title": "renders header elements correctly"
        },
        {
          "ancestorTitles": ["Header"],
          "duration": 87,
          "failureDetails": [],
          "failureMessages": [],
          "fullName": "Header has correct navigation links",
          "invocations": 1,
          "location": null,
          "numPassingAsserts": 4,
          "retryReasons": [],
          "status": "passed",
          "title": "has correct navigation links"
        },
        {
          "ancestorTitles": ["Header"],
          "duration": 13,
          "failureDetails": [],
          "failureMessages": [],
          "fullName": "Header toggles mobile menu correctly",
          "invocations": 1,
          "location": null,
          "numPassingAsserts": 5,
          "retryReasons": [],
          "status": "passed",
          "title": "toggles mobile menu correctly"
        },
        {
          "ancestorTitles": ["Header"],
          "duration": 11,
          "failureDetails": [],
          "failureMessages": [],
          "fullName": "Header closes mobile menu when navigation link is clicked",
          "invocations": 1,
          "location": null,
          "numPassingAsserts": 2,
          "retryReasons": [],
          "status": "passed",
          "title": "closes mobile menu when navigation link is clicked"
        },
        {
          "ancestorTitles": ["Header"],
          "duration": 8,
          "failureDetails": [],
          "failureMessages": [],
          "fullName": "Header animates hamburger menu icon correctly",
          "invocations": 1,
          "location": null,
          "numPassingAsserts": 6,
          "retryReasons": [],
          "status": "passed",
          "title": "animates hamburger menu icon correctly"
        },
        {
          "ancestorTitles": ["Header"],
          "duration": 9,
          "failureDetails": [],
          "failureMessages": [],
          "fullName": "Header shows desktop navigation elements",
          "invocations": 1,
          "location": null,
          "numPassingAsserts": 2,
          "retryReasons": [],
          "status": "passed",
          "title": "shows desktop navigation elements"
        },
        {
          "ancestorTitles": ["Header"],
          "duration": 4,
          "failureDetails": [],
          "failureMessages": [],
          "fullName": "Header has proper accessibility attributes",
          "invocations": 1,
          "location": null,
          "numPassingAsserts": 1,
          "retryReasons": [],
          "status": "passed",
          "title": "has proper accessibility attributes"
        },
        {
          "ancestorTitles": ["Header"],
          "duration": 3,
          "failureDetails": [],
          "failureMessages": [],
          "fullName": "Header applies correct styling classes",
          "invocations": 1,
          "location": null,
          "numPassingAsserts": 1,
          "retryReasons": [],
          "status": "passed",
          "title": "applies correct styling classes"
        }
      ],
      "endTime": 1754541650600,
      "message": "",
      "name": "/home/ubuntu/repos/ahamo-dummy-demo2-frontend-workspace/src/components/layout/__tests__/header.test.tsx",
      "startTime": 1754541650279,
      "status": "passed",
      "summary": ""
    },
    {
      "assertionResults": [
        {
          "ancestorTitles": ["PaymentOptionSelector"],
          "duration": 7,
          "failureDetails": [],
          "failureMessages": [],
          "fullName": "PaymentOptionSelector renders payment options correctly",
          "invocations": 1,
          "location": null,
          "numPassingAsserts": 5,
          "retryReasons": [],
          "status": "passed",
          "title": "renders payment options correctly"
        },
        {
          "ancestorTitles": ["PaymentOptionSelector"],
          "duration": 4,
          "failureDetails": [],
          "failureMessages": [],
          "fullName": "PaymentOptionSelector highlights selected option",
          "invocations": 1,
          "location": null,
          "numPassingAsserts": 1,
          "retryReasons": [],
          "status": "passed",
          "title": "highlights selected option"
        },
        {
          "ancestorTitles": ["PaymentOptionSelector"],
          "duration": 3,
          "failureDetails": [],
          "failureMessages": [],
          "fullName": "PaymentOptionSelector calls onOptionSelect when option is clicked",
          "invocations": 1,
          "location": null,
          "numPassingAsserts": 1,
          "retryReasons": [],
          "status": "passed",
          "title": "calls onOptionSelect when option is clicked"
        },
        {
          "ancestorTitles": ["PaymentOptionSelector"],
          "duration": 4,
          "failureDetails": [],
          "failureMessages": [],
          "fullName": "PaymentOptionSelector handles keyboard navigation",
          "invocations": 1,
          "location": null,
          "numPassingAsserts": 2,
          "retryReasons": [],
          "status": "passed",
          "title": "handles keyboard navigation"
        },
        {
          "ancestorTitles": ["PaymentOptionSelector"],
          "duration": 2,
          "failureDetails": [],
          "failureMessages": [],
          "fullName": "PaymentOptionSelector applies custom className",
          "invocations": 1,
          "location": null,
          "numPassingAsserts": 1,
          "retryReasons": [],
          "status": "passed",
          "title": "applies custom className"
        },
        {
          "ancestorTitles": ["PaymentOptionSelector"],
          "duration": 2,
          "failureDetails": [],
          "failureMessages": [],
          "fullName": "PaymentOptionSelector renders empty state when no options provided",
          "invocations": 1,
          "location": null,
          "numPassingAsserts": 2,
          "retryReasons": [],
          "status": "passed",
          "title": "renders empty state when no options provided"
        }
      ],
      "endTime": 1754541650617,
      "message": "",
      "name": "/home/ubuntu/repos/ahamo-dummy-demo2-frontend-workspace/src/components/ui/__tests__/PaymentOptionSelector.test.tsx",
      "startTime": 1754541650464,
      "status": "passed",
      "summary": ""
    },
    {
      "assertionResults": [
        {
          "ancestorTitles": ["useSmartphoneOptions"],
          "duration": 56,
          "failureDetails": [],
          "failureMessages": [],
          "fullName": "useSmartphoneOptions should fetch smartphone options successfully",
          "invocations": 1,
          "location": null,
          "numPassingAsserts": 4,
          "retryReasons": [],
          "status": "passed",
          "title": "should fetch smartphone options successfully"
        },
        {
          "ancestorTitles": ["useSmartphoneOptions"],
          "duration": 54,
          "failureDetails": [],
          "failureMessages": [],
          "fullName": "useSmartphoneOptions should handle API errors",
          "invocations": 1,
          "location": null,
          "numPassingAsserts": 3,
          "retryReasons": [],
          "status": "passed",
          "title": "should handle API errors"
        },
        {
          "ancestorTitles": ["useSmartphoneOptions"],
          "duration": 54,
          "failureDetails": [],
          "failureMessages": [],
          "fullName": "useSmartphoneOptions should handle network errors",
          "invocations": 1,
          "location": null,
          "numPassingAsserts": 3,
          "retryReasons": [],
          "status": "passed",
          "title": "should handle network errors"
        },
        {
          "ancestorTitles": ["useSmartphoneOptions"],
          "duration": 4,
          "failureDetails": [],
          "failureMessages": [],
          "fullName": "useSmartphoneOptions should not fetch when deviceId is empty",
          "invocations": 1,
          "location": null,
          "numPassingAsserts": 4,
          "retryReasons": [],
          "status": "passed",
          "title": "should not fetch when deviceId is empty"
        },
        {
          "ancestorTitles": ["useSmartphoneOptions"],
          "duration": 107,
          "failureDetails": [],
          "failureMessages": [],
          "fullName": "useSmartphoneOptions should refetch when deviceId changes",
          "invocations": 1,
          "location": null,
          "numPassingAsserts": 8,
          "retryReasons": [],
          "status": "passed",
          "title": "should refetch when deviceId changes"
        }
      ],
      "endTime": 1754541650651,
      "message": "",
      "name": "/home/ubuntu/repos/ahamo-dummy-demo2-frontend-workspace/src/hooks/__tests__/useSmartphoneOptions.test.tsx",
      "startTime": 1754541650238,
      "status": "passed",
      "summary": ""
    },
    {
      "assertionResults": [
        {
          "ancestorTitles": ["ColorSelector"],
          "duration": 17,
          "failureDetails": [],
          "failureMessages": [],
          "fullName": "ColorSelector renders color options correctly",
          "invocations": 1,
          "location": null,
          "numPassingAsserts": 3,
          "retryReasons": [],
          "status": "passed",
          "title": "renders color options correctly"
        },
        {
          "ancestorTitles": ["ColorSelector"],
          "duration": 3,
          "failureDetails": [],
          "failureMessages": [],
          "fullName": "ColorSelector highlights selected color",
          "invocations": 1,
          "location": null,
          "numPassingAsserts": 2,
          "retryReasons": [],
          "status": "passed",
          "title": "highlights selected color"
        },
        {
          "ancestorTitles": ["ColorSelector"],
          "duration": 3,
          "failureDetails": [],
          "failureMessages": [],
          "fullName": "ColorSelector calls onColorSelect when color is clicked",
          "invocations": 1,
          "location": null,
          "numPassingAsserts": 1,
          "retryReasons": [],
          "status": "passed",
          "title": "calls onColorSelect when color is clicked"
        },
        {
          "ancestorTitles": ["ColorSelector"],
          "duration": 23,
          "failureDetails": [],
          "failureMessages": [],
          "fullName": "ColorSelector applies correct background colors",
          "invocations": 1,
          "location": null,
          "numPassingAsserts": 3,
          "retryReasons": [],
          "status": "passed",
          "title": "applies correct background colors"
        },
        {
          "ancestorTitles": ["ColorSelector"],
[...]
      "summary": ""
    },
    {
      "assertionResults": [
        {
          "ancestorTitles": ["ActionButtons"],
          "duration": 6,
          "failureDetails": [],
          "failureMessages": [],
          "fullName": "ActionButtons renders action buttons correctly",
          "invocations": 1,
          "location": null,
          "numPassingAsserts": 1,
          "retryReasons": [],
          "status": "passed",
          "title": "renders action buttons correctly"
        },
        {
          "ancestorTitles": ["ActionButtons"],
          "duration": 2,
          "failureDetails": [],
          "failureMessages": [],
          "fullName": "ActionButtons renders both buttons correctly",
          "invocations": 1,
          "location": null,
          "numPassingAsserts": 2,
          "retryReasons": [],
          "status": "passed",
          "title": "renders both buttons correctly"
        },
        {
          "ancestorTitles": ["ActionButtons"],
          "duration": 19,
          "failureDetails": [],
          "failureMessages": [],
          "fullName": "ActionButtons applies correct styling to buttons",
          "invocations": 1,
          "location": null,
          "numPassingAsserts": 2,
          "retryReasons": [],
          "status": "passed",
          "title": "applies correct styling to buttons"
        },
        {
          "ancestorTitles": ["ActionButtons"],
          "duration": 1,
          "failureDetails": [],
          "failureMessages": [],
          "fullName": "ActionButtons has responsive container layout",
          "invocations": 1,
          "location": null,
          "numPassingAsserts": 1,
          "retryReasons": [],
          "status": "passed",
          "title": "has responsive container layout"
        }
      ],
      "endTime": 1754541651197,
      "message": "",
      "name": "/home/ubuntu/repos/ahamo-dummy-demo2-frontend-workspace/src/components/layout/__tests__/ActionButtons.test.tsx",
      "startTime": 1754541651041,
      "status": "passed",
      "summary": ""
    },
    {
      "assertionResults": [
        {
          "ancestorTitles": ["PhoneNumberSelection"],
          "duration": 6,
          "failureDetails": [],
          "failureMessages": [],
          "fullName": "PhoneNumberSelection renders phone number selection correctly",
          "invocations": 1,
          "location": null,
          "numPassingAsserts": 1,
          "retryReasons": [],
          "status": "passed",
          "title": "renders phone number selection correctly"
        },
        {
          "ancestorTitles": ["PhoneNumberSelection"],
          "duration": 3,
          "failureDetails": [],
          "failureMessages": [],
          "fullName": "PhoneNumberSelection displays new number option correctly",
          "invocations": 1,
          "location": null,
          "numPassingAsserts": 1,
          "retryReasons": [],
          "status": "passed",
          "title": "displays new number option correctly"
        },
        {
          "ancestorTitles": ["PhoneNumberSelection"],
          "duration": 13,
          "failureDetails": [],
          "failureMessages": [],
          "fullName": "PhoneNumberSelection displays keep current number option correctly",
          "invocations": 1,
          "location": null,
          "numPassingAsserts": 1,
          "retryReasons": [],
          "status": "passed",
          "title": "displays keep current number option correctly"
        }
      ],
      "endTime": 1754541651273,
      "message": "",
      "name": "/home/ubuntu/repos/ahamo-dummy-demo2-frontend-workspace/src/components/forms/__tests__/PhoneNumberSelection.test.tsx",
      "startTime": 1754541651118,
      "status": "passed",
      "summary": ""
    },
    {
      "assertionResults": [
        {
          "ancestorTitles": ["DeviceSelection"],
          "duration": 6,
          "failureDetails": [],
          "failureMessages": [],
          "fullName": "DeviceSelection renders device selection correctly",
          "invocations": 1,
          "location": null,
          "numPassingAsserts": 1,
          "retryReasons": [],
          "status": "passed",
          "title": "renders device selection correctly"
        },
        {
          "ancestorTitles": ["DeviceSelection"],
          "duration": 3,
          "failureDetails": [],
          "failureMessages": [],
          "fullName": "DeviceSelection displays smartphone purchase option correctly",
          "invocations": 1,
          "location": null,
          "numPassingAsserts": 1,
          "retryReasons": [],
          "status": "passed",
          "title": "displays smartphone purchase option correctly"
        },
        {
          "ancestorTitles": ["DeviceSelection"],
          "duration": 2,
          "failureDetails": [],
          "failureMessages": [],
          "fullName": "DeviceSelection displays SIM only option correctly",
          "invocations": 1,
          "location": null,
          "numPassingAsserts": 1,
          "retryReasons": [],
          "status": "passed",
          "title": "displays SIM only option correctly"
        }
      ],
      "endTime": 1754541651283,
      "message": "",
      "name": "/home/ubuntu/repos/ahamo-dummy-demo2-frontend-workspace/src/components/forms/__tests__/DeviceSelection.test.tsx",
      "startTime": 1754541651142,
      "status": "passed",
      "summary": ""
    },
    {
      "assertionResults": [
        {
          "ancestorTitles": ["Button コンポーネント"],
          "duration": 13,
          "failureDetails": [],
          "failureMessages": [],
          "fullName": "Button コンポーネント 正しくレンダリングされる",
          "invocations": 1,
          "location": null,
          "numPassingAsserts": 1,
          "retryReasons": [],
          "status": "passed",
          "title": "正しくレンダリングされる"
        },
        {
          "ancestorTitles": ["Button コンポーネント"],
          "duration": 29,
          "failureDetails": [],
          "failureMessages": [],
          "fullName": "Button コンポーネント クリック時にonClickが呼び出される",
          "invocations": 1,
          "location": null,
          "numPassingAsserts": 1,
          "retryReasons": [],
          "status": "passed",
          "title": "クリック時にonClickが呼び出される"
        },
        {
          "ancestorTitles": ["Button コンポーネント"],
          "duration": 20,
          "failureDetails": [],
          "failureMessages": [],
          "fullName": "Button コンポーネント 無効状態では操作できない",
          "invocations": 1,
          "location": null,
          "numPassingAsserts": 2,
          "retryReasons": [],
          "status": "passed",
          "title": "無効状態では操作できない"
        }
      ],
      "endTime": 1754541651287,
      "message": "",
      "name": "/home/ubuntu/repos/ahamo-dummy-demo2-frontend-workspace/src/components/ui/__tests__/button.test.tsx",
      "startTime": 1754541651035,
      "status": "passed",
      "summary": ""
    },
    {
      "assertionResults": [
        {
          "ancestorTitles": ["SimSelection"],
          "duration": 4,
          "failureDetails": [],
          "failureMessages": [],
          "fullName": "SimSelection renders SIM selection correctly",
          "invocations": 1,
          "location": null,
          "numPassingAsserts": 1,
          "retryReasons": [],
          "status": "passed",
          "title": "renders SIM selection correctly"
        },
        {
          "ancestorTitles": ["SimSelection"],
          "duration": 2,
          "failureDetails": [],
          "failureMessages": [],
          "fullName": "SimSelection displays eSIM option correctly",
          "invocations": 1,
          "location": null,
          "numPassingAsserts": 1,
          "retryReasons": [],
          "status": "passed",
          "title": "displays eSIM option correctly"
        },
        {
          "ancestorTitles": ["SimSelection"],
          "duration": 2,
          "failureDetails": [],
          "failureMessages": [],
          "fullName": "SimSelection displays physical SIM option correctly",
          "invocations": 1,
          "location": null,
          "numPassingAsserts": 1,
          "retryReasons": [],
          "status": "passed",
          "title": "displays physical SIM option correctly"
        }
      ],
      "endTime": 1754541651346,
      "message": "",
      "name": "/home/ubuntu/repos/ahamo-dummy-demo2-frontend-workspace/src/components/forms/__tests__/SimSelection.test.tsx",
      "startTime": 1754541651206,
      "status": "passed",
      "summary": ""
    },
    {
      "assertionResults": [
        {
          "ancestorTitles": ["SmartphoneApiService", "getSmartphones"],
          "duration": 6,
          "failureDetails": [],
          "failureMessages": [],
          "fullName": "SmartphoneApiService getSmartphones should return mock data when API fails",
          "invocations": 1,
          "location": null,
          "numPassingAsserts": 2,
          "retryReasons": [],
          "status": "passed",
          "title": "should return mock data when API fails"
        },
        {
          "ancestorTitles": ["SmartphoneApiService", "getSmartphones"],
          "duration": 1,
          "failureDetails": [],
          "failureMessages": [],
          "fullName": "SmartphoneApiService getSmartphones should filter smartphones by iPhone brand",
          "invocations": 1,
          "location": null,
          "numPassingAsserts": 2,
          "retryReasons": [],
          "status": "passed",
          "title": "should filter smartphones by iPhone brand"
        },
        {
          "ancestorTitles": ["SmartphoneApiService", "getSmartphones"],
          "duration": 1,
          "failureDetails": [],
          "failureMessages": [],
          "fullName": "SmartphoneApiService getSmartphones should filter smartphones by Android brand",
          "invocations": 1,
          "location": null,
          "numPassingAsserts": 2,
          "retryReasons": [],
          "status": "passed",
          "title": "should filter smartphones by Android brand"
        },
        {
          "ancestorTitles": ["SmartphoneApiService", "getSmartphones"],
          "duration": 1,
          "failureDetails": [],
          "failureMessages": [],
          "fullName": "SmartphoneApiService getSmartphones should handle pagination correctly",
          "invocations": 1,
          "location": null,
          "numPassingAsserts": 2,
          "retryReasons": [],
          "status": "passed",
          "title": "should handle pagination correctly"
        },
        {
          "ancestorTitles": ["SmartphoneApiService", "getSmartphones"],
          "duration": 0,
          "failureDetails": [],
          "failureMessages": [],
          "fullName": "SmartphoneApiService getSmartphones should handle HTTP error responses",
          "invocations": 1,
          "location": null,
          "numPassingAsserts": 2,
          "retryReasons": [],
          "status": "passed",
          "title": "should handle HTTP error responses"
        },
        {
          "ancestorTitles": ["SmartphoneApiService", "getSmartphones"],
          "duration": 1,
          "failureDetails": [],
          "failureMessages": [],
          "fullName": "SmartphoneApiService getSmartphones should handle invalid JSON response",
          "invocations": 1,
          "location": null,
          "numPassingAsserts": 2,
          "retryReasons": [],
          "status": "passed",
          "title": "should handle invalid JSON response"
        },
        {
          "ancestorTitles": ["SmartphoneApiService", "getSmartphoneById"],
          "duration": 303,
          "failureDetails": [],
          "failureMessages": [],
          "fullName": "SmartphoneApiService getSmartphoneById should return smartphone data for valid ID",
          "invocations": 1,
          "location": null,
          "numPassingAsserts": 3,
          "retryReasons": [],
          "status": "passed",
          "title": "should return smartphone data for valid ID"
        },
        {
          "ancestorTitles": ["SmartphoneApiService", "getSmartphoneById"],
          "duration": 302,
          "failureDetails": [],
          "failureMessages": [],
          "fullName": "SmartphoneApiService getSmartphoneById should return error for non-existent ID",
          "invocations": 1,
          "location": null,
          "numPassingAsserts": 3,
          "retryReasons": [],
          "status": "passed",
          "title": "should return error for non-existent ID"
        },
        {
          "ancestorTitles": ["SmartphoneApiService", "getSmartphoneById"],
          "duration": 303,
          "failureDetails": [],
          "failureMessages": [],
          "fullName": "SmartphoneApiService getSmartphoneById should log API requests and responses",
          "invocations": 1,
          "location": null,
          "numPassingAsserts": 3,
          "retryReasons": [],
          "status": "passed",
          "title": "should log API requests and responses"
        },
        {
          "ancestorTitles": ["SmartphoneApiService", "getSmartphoneOptions"],
          "duration": 301,
          "failureDetails": [],
          "failureMessages": [],
          "fullName": "SmartphoneApiService getSmartphoneOptions should return smartphone options successfully",
          "invocations": 1,
          "location": null,
          "numPassingAsserts": 5,
          "retryReasons": [],
          "status": "passed",
          "title": "should return smartphone options successfully"
        },
        {
          "ancestorTitles": ["SmartphoneApiService", "getSmartphoneOptions"],
          "duration": 2,
          "failureDetails": [],
          "failureMessages": [],
          "fullName": "SmartphoneApiService getSmartphoneOptions should handle errors gracefully",
          "invocations": 1,
          "location": null,
          "numPassingAsserts": 4,
          "retryReasons": [],
          "status": "passed",
          "title": "should handle errors gracefully"
        },
        {
          "ancestorTitles": ["SmartphoneApiService", "getSmartphoneOptions"],
          "duration": 302,
          "failureDetails": [],
          "failureMessages": [],
          "fullName": "SmartphoneApiService getSmartphoneOptions should include delay in response",
          "invocations": 1,
          "location": null,
          "numPassingAsserts": 1,
          "retryReasons": [],
          "status": "passed",
          "title": "should include delay in response"
        }
      ],
      "endTime": 1754541651348,
      "message": "",
      "name": "/home/ubuntu/repos/ahamo-dummy-demo2-frontend-workspace/src/services/__tests__/api.test.ts",
      "startTime": 1754541649224,
      "status": "passed",
      "summary": ""
    },
    {
      "assertionResults": [
        {
          "ancestorTitles": ["SmartphoneTypeSelection"],
          "duration": 9,
          "failureDetails": [],
          "failureMessages": [],
          "fullName": "SmartphoneTypeSelection renders smartphone type selection correctly",
          "invocations": 1,
          "location": null,
          "numPassingAsserts": 3,
          "retryReasons": [],
          "status": "passed",
          "title": "renders smartphone type selection correctly"
        }
      ],
      "endTime": 1754541651351,
      "message": "",
      "name": "/home/ubuntu/repos/ahamo-dummy-demo2-frontend-workspace/src/components/forms/__tests__/SmartphoneTypeSelection.test.tsx",
      "startTime": 1754541651207,
      "status": "passed",
      "summary": ""
    },
    {
      "assertionResults": [
        {
          "ancestorTitles": ["ResultMessage"],
          "duration": 4,
          "failureDetails": [],
          "failureMessages": [],
          "fullName": "ResultMessage renders success message correctly",
          "invocations": 1,
          "location": null,
          "numPassingAsserts": 1,
          "retryReasons": [],
          "status": "passed",
          "title": "renders success message correctly"
        },
        {
          "ancestorTitles": ["ResultMessage"],
          "duration": 2,
          "failureDetails": [],
          "failureMessages": [],
          "fullName": "ResultMessage renders error message correctly",
          "invocations": 1,
          "location": null,
          "numPassingAsserts": 1,
          "retryReasons": [],
          "status": "passed",
          "title": "renders error message correctly"
        },
        {
          "ancestorTitles": ["ResultMessage"],
          "duration": 1,
          "failureDetails": [],
          "failureMessages": [],
          "fullName": "ResultMessage renders info message correctly",
          "invocations": 1,
          "location": null,
          "numPassingAsserts": 1,
          "retryReasons": [],
          "status": "passed",
          "title": "renders info message correctly"
        }
      ],
      "endTime": 1754541651409,
      "message": "",
      "name": "/home/ubuntu/repos/ahamo-dummy-demo2-frontend-workspace/src/components/forms/__tests__/ResultMessage.test.tsx",
      "startTime": 1754541651282,
      "status": "passed",
      "summary": ""
    },
    {
      "assertionResults": [
        {
          "ancestorTitles": ["CarrierSelection"],
          "duration": 4,
          "failureDetails": [],
          "failureMessages": [],
          "fullName": "CarrierSelection renders carrier selection correctly",
          "invocations": 1,
          "location": null,
          "numPassingAsserts": 1,
          "retryReasons": [],
          "status": "passed",
          "title": "renders carrier selection correctly"
        },
        {
          "ancestorTitles": ["CarrierSelection"],
          "duration": 2,
          "failureDetails": [],
          "failureMessages": [],
          "fullName": "CarrierSelection displays carrier options correctly",
          "invocations": 1,
          "location": null,
          "numPassingAsserts": 2,
          "retryReasons": [],
          "status": "passed",
          "title": "displays carrier options correctly"
        }
      ],
      "endTime": 1754541651422,
      "message": "",
      "name": "/home/ubuntu/repos/ahamo-dummy-demo2-frontend-workspace/src/components/forms/__tests__/CarrierSelection.test.tsx",
      "startTime": 1754541651301,
      "status": "passed",
      "summary": ""
    },
    {
      "assertionResults": [
        {
          "ancestorTitles": ["ContactForm コンポーネント"],
          "duration": 28,
          "failureDetails": [],
          "failureMessages": [],
          "fullName": "ContactForm コンポーネント 正しくレンダリングされる",
          "invocations": 1,
          "location": null,
          "numPassingAsserts": 4,
          "retryReasons": [],
          "status": "passed",
          "title": "正しくレンダリングされる"
        },
        {
          "ancestorTitles": ["ContactForm コンポーネント"],
          "duration": 46,
          "failureDetails": [],
          "failureMessages": [],
          "fullName": "ContactForm コンポーネント バリデーションエラーが表示される",
          "invocations": 1,
          "location": null,
          "numPassingAsserts": 1,
          "retryReasons": [],
          "status": "passed",
          "title": "バリデーションエラーが表示される"
        },
        {
          "ancestorTitles": ["ContactForm コンポーネント"],
          "duration": 156,
          "failureDetails": [],
          "failureMessages": [],
          "fullName": "ContactForm コンポーネント 正しい値でフォームが送信される",
          "invocations": 1,
          "location": null,
          "numPassingAsserts": 1,
          "retryReasons": [],
          "status": "passed",
          "title": "正しい値でフォームが送信される"
        }
      ],
      "endTime": 1754541651455,
      "message": "",
      "name": "/home/ubuntu/repos/ahamo-dummy-demo2-frontend-workspace/src/components/forms/__tests__/contact-form.test.tsx",
      "startTime": 1754541650998,
      "status": "passed",
      "summary": ""
    }
  ],
  "wasInterrupted": false
}
